<?xml version="1.0" encoding="utf-8" standalone="yes"?>
<CoverageSession xmlns:xsd="http://www.w3.org/2001/XMLSchema" xmlns:xsi="http://www.w3.org/2001/XMLSchema-instance">
  <Summary numSequencePoints="828" visitedSequencePoints="262" numBranchPoints="246" visitedBranchPoints="55" sequenceCoverage="31.64" branchCoverage="22.36" maxCyclomaticComplexity="39" minCyclomaticComplexity="1" visitedClasses="18" numClasses="58" visitedMethods="34" numMethods="106" minCrapScore="1" maxCrapScore="1165.64" />
  <Modules>
    <Module skippedDueTo="Filter" hash="8D-F7-78-89-D5-EB-45-6E-4B-C1-98-A0-0E-52-3D-73-6E-45-2B-85">
      <ModulePath>/Users/lextm/uno-tools/OpenDevelop/tests/OpenDevelop.IntegrationTests/bin/Debug/net11.0/__Saved_OpenDevelop.IntegrationTests/xunit.v3.common.dll</ModulePath>
      <ModuleTime>2026-01-14T21:25:40Z</ModuleTime>
      <ModuleName>xunit.v3.common</ModuleName>
      <Classes />
    </Module>
    <Module skippedDueTo="Filter" hash="87-57-46-E2-EE-77-87-03-A6-58-74-E3-7F-B7-14-C6-93-92-C6-90">
      <ModulePath>/Users/lextm/uno-tools/OpenDevelop/tests/OpenDevelop.IntegrationTests/bin/Debug/net11.0/__Saved_OpenDevelop.IntegrationTests/xunit.v3.assert.dll</ModulePath>
      <ModuleTime>2026-01-14T21:25:34Z</ModuleTime>
      <ModuleName>xunit.v3.assert</ModuleName>
      <Classes />
    </Module>
    <Module skippedDueTo="Filter" hash="96-88-32-8D-7F-ED-DA-4F-5B-8E-9E-1D-E0-97-63-45-37-63-33-5C">
      <ModulePath>/Users/lextm/uno-tools/OpenDevelop/tests/OpenDevelop.IntegrationTests/bin/Debug/net11.0/__Saved_OpenDevelop.IntegrationTests/Microsoft.Testing.Platform.dll</ModulePath>
      <ModuleTime>2025-11-11T13:02:58Z</ModuleTime>
      <ModuleName>Microsoft.Testing.Platform</ModuleName>
      <Classes />
    </Module>
    <Module hash="EF-24-AB-F0-56-24-2B-FE-19-85-14-71-49-26-FB-BE-0F-28-7A-77">
      <Summary numSequencePoints="72" visitedSequencePoints="0" numBranchPoints="36" visitedBranchPoints="0" sequenceCoverage="0" branchCoverage="0" maxCyclomaticComplexity="8" minCyclomaticComplexity="1" visitedClasses="0" numClasses="4" visitedMethods="0" numMethods="10" minCrapScore="2" maxCrapScore="72" />
      <ModulePath>/Users/lextm/uno-tools/OpenDevelop/tests/OpenDevelop.IntegrationTests/bin/Debug/net11.0/__Saved_OpenDevelop.IntegrationTests/AltCover.Monitor.dll</ModulePath>
      <ModuleTime>2025-11-12T12:06:56Z</ModuleTime>
      <ModuleName>AltCover.Monitor</ModuleName>
      <Files>
        <File uid="1" fullPath="/_/AltCover.Monitor/Monitor.cs" />
        <File uid="2" fullPath="/_/_Intermediate/AltCover.Monitor/Release+AnyCPU/netstandard2.0/AltCover.Monitor.Version.cs" />
      </Files>
      <Classes>
        <Class>
          <Summary numSequencePoints="2" visitedSequencePoints="0" numBranchPoints="1" visitedBranchPoints="0" sequenceCoverage="0" branchCoverage="0" maxCyclomaticComplexity="1" minCyclomaticComplexity="1" visitedClasses="0" numClasses="1" visitedMethods="0" numMethods="1" minCrapScore="2" maxCrapScore="2" />
          <FullName>ThisAssembly</FullName>
          <Methods>
            <Method visited="false" cyclomaticComplexity="1" nPathComplexity="0" sequenceCoverage="0" branchCoverage="0" isConstructor="true" isStatic="true" isGetter="false" isSetter="false" crapScore="2">
              <Summary numSequencePoints="2" visitedSequencePoints="0" numBranchPoints="1" visitedBranchPoints="0" sequenceCoverage="0" branchCoverage="0" maxCyclomaticComplexity="1" minCyclomaticComplexity="1" visitedClasses="0" numClasses="0" visitedMethods="0" numMethods="1" minCrapScore="2" maxCrapScore="2" />
              <MetadataToken>100663297</MetadataToken>
              <Name>System.Void ThisAssembly::.cctor()</Name>
              <FileRef uid="2" />
              <SequencePoints>
                <SequencePoint vc="0" uspid="1" ordinal="0" offset="0" sl="29" sc="5" el="29" ec="158" bec="0" bev="0" fileid="2" />
                <SequencePoint vc="0" uspid="0" ordinal="1" offset="20" sl="30" sc="5" el="30" ec="152" bec="0" bev="0" fileid="2" />
              </SequencePoints>
              <BranchPoints />
              <MethodPoint xsi:type="SequencePoint" vc="0" uspid="1" ordinal="0" offset="0" sl="29" sc="5" el="29" ec="158" bec="0" bev="0" fileid="2" />
            </Method>
          </Methods>
        </Class>
        <Class>
          <Summary numSequencePoints="15" visitedSequencePoints="0" numBranchPoints="12" visitedBranchPoints="0" sequenceCoverage="0" branchCoverage="0" maxCyclomaticComplexity="6" minCyclomaticComplexity="1" visitedClasses="0" numClasses="1" visitedMethods="0" numMethods="4" minCrapScore="2" maxCrapScore="42" />
          <FullName>AltCover.Carrier</FullName>
          <Methods>
            <Method visited="false" cyclomaticComplexity="1" nPathComplexity="0" sequenceCoverage="0" branchCoverage="0" isConstructor="false" isStatic="false" isGetter="false" isSetter="false" crapScore="2">
              <Summary numSequencePoints="2" visitedSequencePoints="0" numBranchPoints="1" visitedBranchPoints="0" sequenceCoverage="0" branchCoverage="0" maxCyclomaticComplexity="1" minCyclomaticComplexity="1" visitedClasses="0" numClasses="0" visitedMethods="0" numMethods="1" minCrapScore="2" maxCrapScore="2" />
              <MetadataToken>100663298</MetadataToken>
              <Name>T AltCover.Carrier::Add(T)</Name>
              <FileRef uid="1" />
              <SequencePoints>
                <SequencePoint vc="0" uspid="3" ordinal="0" offset="0" sl="68" sc="7" el="68" ec="22" bec="0" bev="0" fileid="1" />
                <SequencePoint vc="0" uspid="2" ordinal="1" offset="18" sl="69" sc="7" el="69" ec="19" bec="0" bev="0" fileid="1" />
              </SequencePoints>
              <BranchPoints />
              <MethodPoint xsi:type="SequencePoint" vc="0" uspid="3" ordinal="0" offset="0" sl="68" sc="7" el="68" ec="22" bec="0" bev="0" fileid="1" />
            </Method>
            <Method visited="false" cyclomaticComplexity="6" nPathComplexity="16" sequenceCoverage="0" branchCoverage="0" isConstructor="false" isStatic="false" isGetter="false" isSetter="false" crapScore="42">
              <Summary numSequencePoints="9" visitedSequencePoints="0" numBranchPoints="9" visitedBranchPoints="0" sequenceCoverage="0" branchCoverage="0" maxCyclomaticComplexity="6" minCyclomaticComplexity="6" visitedClasses="0" numClasses="0" visitedMethods="0" numMethods="1" minCrapScore="42" maxCrapScore="42" />
              <MetadataToken>100663299</MetadataToken>
              <Name>System.Void AltCover.Carrier::Dispose(System.Boolean)</Name>
              <FileRef uid="1" />
              <SequencePoints>
                <SequencePoint vc="0" uspid="12" ordinal="0" offset="0" sl="79" sc="7" el="79" ec="26" bec="2" bev="0" fileid="1" />
                <SequencePoint vc="0" uspid="11" ordinal="1" offset="8" sl="81" sc="9" el="81" ec="23" bec="2" bev="0" fileid="1" />
                <SequencePoint vc="0" uspid="10" ordinal="2" offset="11" sl="84" sc="32" el="84" ec="36" bec="0" bev="0" fileid="1" />
                <SequencePoint vc="0" uspid="9" ordinal="3" offset="25" sl="84" sc="20" el="84" ec="28" bec="0" bev="0" fileid="1" />
                <SequencePoint vc="0" uspid="8" ordinal="4" offset="31" sl="86" sc="13" el="86" ec="46" bec="2" bev="0" fileid="1" />
                <SequencePoint vc="0" uspid="7" ordinal="5" offset="47" sl="84" sc="29" el="84" ec="31" bec="2" bev="0" fileid="1" />
                <SequencePoint vc="0" uspid="6" ordinal="6" offset="74" sl="89" sc="11" el="89" ec="24" bec="0" bev="0" fileid="1" />
                <SequencePoint vc="0" uspid="5" ordinal="7" offset="85" sl="94" sc="9" el="94" ec="30" bec="0" bev="0" fileid="1" />
                <SequencePoint vc="0" uspid="4" ordinal="8" offset="92" sl="96" sc="5" el="96" ec="6" bec="0" bev="0" fileid="1" />
              </SequencePoints>
              <BranchPoints>
                <BranchPoint vc="0" uspid="0" ordinal="0" offset="6" sl="79" path="0" offsetend="8" fileid="1" />
                <BranchPoint vc="0" uspid="1" ordinal="1" offset="6" sl="79" path="1" offsetend="92" fileid="1" />
                <BranchPoint vc="0" uspid="2" ordinal="2" offset="9" sl="81" path="0" offsetend="11" fileid="1" />
                <BranchPoint vc="0" uspid="3" ordinal="3" offset="9" sl="81" path="1" offsetend="85" fileid="1" />
                <BranchPoint vc="0" uspid="4" ordinal="4" offset="37" sl="86" path="0" offsetchain="39" offsetend="47" fileid="1" />
                <BranchPoint vc="0" uspid="5" ordinal="5" offset="37" sl="86" path="1" offsetend="42" fileid="1" />
                <BranchPoint vc="0" uspid="6" ordinal="6" offset="53" sl="84" path="0" offsetend="55" fileid="1" />
                <BranchPoint vc="0" uspid="7" ordinal="7" offset="53" sl="84" path="1" offsetend="25" fileid="1" />
              </BranchPoints>
              <MethodPoint xsi:type="SequencePoint" vc="0" uspid="12" ordinal="0" offset="0" sl="79" sc="7" el="79" ec="26" bec="2" bev="0" fileid="1" />
            </Method>
            <Method visited="false" cyclomaticComplexity="1" nPathComplexity="0" sequenceCoverage="0" branchCoverage="0" isConstructor="false" isStatic="false" isGetter="false" isSetter="false" crapScore="2">
              <Summary numSequencePoints="3" visitedSequencePoints="0" numBranchPoints="1" visitedBranchPoints="0" sequenceCoverage="0" branchCoverage="0" maxCyclomaticComplexity="1" minCyclomaticComplexity="1" visitedClasses="0" numClasses="0" visitedMethods="0" numMethods="1" minCrapScore="2" maxCrapScore="2" />
              <MetadataToken>100663300</MetadataToken>
              <Name>System.Void AltCover.Carrier::Dispose()</Name>
              <FileRef uid="1" />
              <SequencePoints>
                <SequencePoint vc="0" uspid="15" ordinal="0" offset="0" sl="108" sc="7" el="108" ec="32" bec="0" bev="0" fileid="1" />
                <SequencePoint vc="0" uspid="14" ordinal="1" offset="7" sl="109" sc="7" el="109" ec="33" bec="0" bev="0" fileid="1" />
                <SequencePoint vc="0" uspid="13" ordinal="2" offset="13" sl="110" sc="5" el="110" ec="6" bec="0" bev="0" fileid="1" />
              </SequencePoints>
              <BranchPoints />
              <MethodPoint xsi:type="SequencePoint" vc="0" uspid="15" ordinal="0" offset="0" sl="108" sc="7" el="108" ec="32" bec="0" bev="0" fileid="1" />
            </Method>
            <Method visited="false" cyclomaticComplexity="1" nPathComplexity="0" sequenceCoverage="0" branchCoverage="0" isConstructor="true" isStatic="false" isGetter="false" isSetter="false" crapScore="2">
              <Summary numSequencePoints="1" visitedSequencePoints="0" numBranchPoints="1" visitedBranchPoints="0" sequenceCoverage="0" branchCoverage="0" maxCyclomaticComplexity="1" minCyclomaticComplexity="1" visitedClasses="0" numClasses="0" visitedMethods="0" numMethods="1" minCrapScore="2" maxCrapScore="2" />
              <MetadataToken>100663301</MetadataToken>
              <Name>System.Void AltCover.Carrier::.ctor()</Name>
              <FileRef uid="1" />
              <SequencePoints>
                <SequencePoint vc="0" uspid="16" ordinal="0" offset="0" sl="58" sc="5" el="58" ec="55" bec="0" bev="0" fileid="1" />
              </SequencePoints>
              <BranchPoints />
              <MethodPoint xsi:type="SequencePoint" vc="0" uspid="16" ordinal="0" offset="0" sl="58" sc="5" el="58" ec="55" bec="0" bev="0" fileid="1" />
            </Method>
          </Methods>
        </Class>
        <Class>
          <Summary numSequencePoints="40" visitedSequencePoints="0" numBranchPoints="12" visitedBranchPoints="0" sequenceCoverage="0" branchCoverage="0" maxCyclomaticComplexity="5" minCyclomaticComplexity="1" visitedClasses="0" numClasses="1" visitedMethods="0" numMethods="4" minCrapScore="2" maxCrapScore="30" />
          <FullName>AltCover.Monitor</FullName>
          <Methods>
            <Method visited="false" cyclomaticComplexity="1" nPathComplexity="0" sequenceCoverage="0" branchCoverage="0" isConstructor="false" isStatic="true" isGetter="false" isSetter="false" crapScore="2">
              <Summary numSequencePoints="0" visitedSequencePoints="0" numBranchPoints="0" visitedBranchPoints="0" sequenceCoverage="0" branchCoverage="0" maxCyclomaticComplexity="1" minCyclomaticComplexity="1" visitedClasses="0" numClasses="0" visitedMethods="0" numMethods="0" minCrapScore="2" maxCrapScore="2" />
              <MetadataToken>100663302</MetadataToken>
              <Name>System.Collections.Generic.IEnumerable`1&lt;System.Type&gt; AltCover.Monitor::TypeInstance(System.String)</Name>
              <SequencePoints />
              <BranchPoints />
              <MethodPoint vc="0" uspid="100663302" ordinal="0" offset="0" />
            </Method>
            <Method visited="false" cyclomaticComplexity="4" nPathComplexity="2" sequenceCoverage="0" branchCoverage="0" isConstructor="false" isStatic="true" isGetter="false" isSetter="false" crapScore="20">
              <Summary numSequencePoints="14" visitedSequencePoints="0" numBranchPoints="3" visitedBranchPoints="0" sequenceCoverage="0" branchCoverage="0" maxCyclomaticComplexity="4" minCyclomaticComplexity="4" visitedClasses="0" numClasses="0" visitedMethods="0" numMethods="1" minCrapScore="20" maxCrapScore="20" />
              <MetadataToken>100663303</MetadataToken>
              <Name>System.Boolean AltCover.Monitor::TryGetPointTotals(AltCover.PointCount&amp;)</Name>
              <FileRef uid="1" />
              <SequencePoints>
                <SequencePoint vc="0" uspid="30" ordinal="0" offset="0" sl="156" sc="7" el="156" ec="47" bec="0" bev="0" fileid="1" />
                <SequencePoint vc="0" uspid="29" ordinal="1" offset="10" sl="157" sc="7" el="157" ec="33" bec="0" bev="0" fileid="1" />
                <SequencePoint vc="0" uspid="28" ordinal="2" offset="17" sl="158" sc="7" el="158" ec="25" bec="0" bev="0" fileid="1" />
                <SequencePoint vc="0" uspid="27" ordinal="3" offset="19" sl="159" sc="25" el="159" ec="33" bec="0" bev="0" fileid="1" />
                <SequencePoint vc="0" uspid="26" ordinal="4" offset="27" sl="159" sc="16" el="159" ec="21" bec="0" bev="0" fileid="1" />
                <SequencePoint vc="0" uspid="25" ordinal="5" offset="33" sl="161" sc="9" el="161" ec="90" bec="0" bev="0" fileid="1" />
                <SequencePoint vc="0" uspid="24" ordinal="6" offset="61" sl="162" sc="16" el="162" ec="45" bec="0" bev="0" fileid="1" />
                <SequencePoint vc="0" uspid="23" ordinal="7" offset="67" sl="164" sc="11" el="164" ec="39" bec="0" bev="0" fileid="1" />
                <SequencePoint vc="0" uspid="22" ordinal="8" offset="74" sl="165" sc="11" el="165" ec="26" bec="0" bev="0" fileid="1" />
                <SequencePoint vc="0" uspid="21" ordinal="9" offset="82" sl="166" sc="11" el="166" ec="42" bec="0" bev="0" fileid="1" />
                <SequencePoint vc="0" uspid="20" ordinal="10" offset="95" sl="167" sc="11" el="167" ec="24" bec="0" bev="0" fileid="1" />
                <SequencePoint vc="0" uspid="19" ordinal="11" offset="97" sl="168" sc="9" el="168" ec="10" bec="0" bev="0" fileid="1" />
                <SequencePoint vc="0" uspid="18" ordinal="12" offset="109" sl="159" sc="22" el="159" ec="24" bec="2" bev="0" fileid="1" />
                <SequencePoint vc="0" uspid="17" ordinal="13" offset="129" sl="171" sc="7" el="171" ec="20" bec="0" bev="0" fileid="1" />
              </SequencePoints>
              <BranchPoints>
                <BranchPoint vc="0" uspid="8" ordinal="0" offset="115" sl="159" path="0" offsetend="117" fileid="1" />
                <BranchPoint vc="0" uspid="9" ordinal="1" offset="115" sl="159" path="1" offsetend="27" fileid="1" />
              </BranchPoints>
              <MethodPoint xsi:type="SequencePoint" vc="0" uspid="30" ordinal="0" offset="0" sl="156" sc="7" el="156" ec="47" bec="0" bev="0" fileid="1" />
            </Method>
            <Method visited="false" cyclomaticComplexity="5" nPathComplexity="4" sequenceCoverage="0" branchCoverage="0" isConstructor="false" isStatic="true" isGetter="false" isSetter="false" crapScore="30">
              <Summary numSequencePoints="13" visitedSequencePoints="0" numBranchPoints="5" visitedBranchPoints="0" sequenceCoverage="0" branchCoverage="0" maxCyclomaticComplexity="5" minCyclomaticComplexity="5" visitedClasses="0" numClasses="0" visitedMethods="0" numMethods="1" minCrapScore="30" maxCrapScore="30" />
              <MetadataToken>100663304</MetadataToken>
              <Name>AltCover.PointCount AltCover.Monitor::CountVisitPoints(System.Xml.XmlDocument)</Name>
              <FileRef uid="1" />
              <SequencePoints>
                <SequencePoint vc="0" uspid="43" ordinal="0" offset="0" sl="192" sc="7" el="192" ec="37" bec="0" bev="0" fileid="1" />
                <SequencePoint vc="0" uspid="42" ordinal="1" offset="8" sl="193" sc="14" el="193" ec="39" bec="0" bev="0" fileid="1" />
                <SequencePoint vc="0" uspid="41" ordinal="2" offset="14" sl="195" sc="9" el="195" ec="83" bec="0" bev="0" fileid="1" />
                <SequencePoint vc="0" uspid="40" ordinal="3" offset="42" sl="196" sc="9" el="196" ec="87" bec="0" bev="0" fileid="1" />
                <SequencePoint vc="0" uspid="39" ordinal="4" offset="70" sl="198" sc="34" el="198" ec="88" bec="0" bev="0" fileid="1" />
                <SequencePoint vc="0" uspid="38" ordinal="5" offset="101" sl="198" sc="18" el="198" ec="30" bec="0" bev="0" fileid="1" />
                <SequencePoint vc="0" uspid="37" ordinal="6" offset="115" sl="200" sc="11" el="200" ec="71" bec="2" bev="0" fileid="1" />
                <SequencePoint vc="0" uspid="36" ordinal="7" offset="140" sl="202" sc="13" el="202" ec="19" bec="0" bev="0" fileid="1" />
                <SequencePoint vc="0" uspid="35" ordinal="8" offset="144" sl="198" sc="31" el="198" ec="33" bec="2" bev="0" fileid="1" />
                <SequencePoint vc="0" uspid="34" ordinal="9" offset="176" sl="206" sc="9" el="206" ec="91" bec="0" bev="0" fileid="1" />
                <SequencePoint vc="0" uspid="33" ordinal="10" offset="210" sl="207" sc="9" el="207" ec="45" bec="0" bev="0" fileid="1" />
                <SequencePoint vc="0" uspid="32" ordinal="11" offset="224" sl="208" sc="9" el="208" ec="23" bec="0" bev="0" fileid="1" />
                <SequencePoint vc="0" uspid="31" ordinal="12" offset="239" sl="210" sc="5" el="210" ec="6" bec="0" bev="0" fileid="1" />
              </SequencePoints>
              <BranchPoints>
                <BranchPoint vc="0" uspid="10" ordinal="0" offset="138" sl="200" path="0" offsetend="140" fileid="1" />
                <BranchPoint vc="0" uspid="11" ordinal="1" offset="138" sl="200" path="1" offsetend="144" fileid="1" />
                <BranchPoint vc="0" uspid="12" ordinal="2" offset="151" sl="198" path="0" offsetend="153" fileid="1" />
                <BranchPoint vc="0" uspid="13" ordinal="3" offset="151" sl="198" path="1" offsetend="101" fileid="1" />
              </BranchPoints>
              <MethodPoint xsi:type="SequencePoint" vc="0" uspid="43" ordinal="0" offset="0" sl="192" sc="7" el="192" ec="37" bec="0" bev="0" fileid="1" />
            </Method>
            <Method visited="false" cyclomaticComplexity="3" nPathComplexity="2" sequenceCoverage="0" branchCoverage="0" isConstructor="false" isStatic="true" isGetter="false" isSetter="false" crapScore="12">
              <Summary numSequencePoints="12" visitedSequencePoints="0" numBranchPoints="3" visitedBranchPoints="0" sequenceCoverage="0" branchCoverage="0" maxCyclomaticComplexity="3" minCyclomaticComplexity="3" visitedClasses="0" numClasses="0" visitedMethods="0" numMethods="1" minCrapScore="12" maxCrapScore="12" />
              <MetadataToken>100663305</MetadataToken>
              <Name>System.Boolean AltCover.Monitor::TryGetVisitTotals(AltCover.PointCount&amp;)</Name>
              <FileRef uid="1" />
              <SequencePoints>
                <SequencePoint vc="0" uspid="55" ordinal="0" offset="0" sl="220" sc="7" el="220" ec="45" bec="0" bev="0" fileid="1" />
                <SequencePoint vc="0" uspid="54" ordinal="1" offset="10" sl="221" sc="7" el="221" ec="33" bec="0" bev="0" fileid="1" />
                <SequencePoint vc="0" uspid="53" ordinal="2" offset="17" sl="222" sc="7" el="222" ec="25" bec="0" bev="0" fileid="1" />
                <SequencePoint vc="0" uspid="52" ordinal="3" offset="19" sl="223" sc="25" el="223" ec="32" bec="0" bev="0" fileid="1" />
                <SequencePoint vc="0" uspid="51" ordinal="4" offset="27" sl="223" sc="16" el="223" ec="21" bec="0" bev="0" fileid="1" />
                <SequencePoint vc="0" uspid="50" ordinal="5" offset="33" sl="225" sc="9" el="228" ec="66" bec="0" bev="0" fileid="1" />
                <SequencePoint vc="0" uspid="49" ordinal="6" offset="58" sl="229" sc="9" el="229" ec="35" bec="0" bev="0" fileid="1" />
                <SequencePoint vc="0" uspid="48" ordinal="7" offset="66" sl="231" sc="9" el="234" ec="66" bec="0" bev="0" fileid="1" />
                <SequencePoint vc="0" uspid="47" ordinal="8" offset="90" sl="235" sc="9" el="235" ec="49" bec="0" bev="0" fileid="1" />
                <SequencePoint vc="0" uspid="46" ordinal="9" offset="105" sl="237" sc="9" el="237" ec="22" bec="0" bev="0" fileid="1" />
                <SequencePoint vc="0" uspid="45" ordinal="10" offset="107" sl="223" sc="22" el="223" ec="24" bec="2" bev="0" fileid="1" />
                <SequencePoint vc="0" uspid="44" ordinal="11" offset="127" sl="240" sc="7" el="240" ec="20" bec="0" bev="0" fileid="1" />
              </SequencePoints>
              <BranchPoints>
                <BranchPoint vc="0" uspid="14" ordinal="0" offset="113" sl="223" path="0" offsetend="115" fileid="1" />
                <BranchPoint vc="0" uspid="15" ordinal="1" offset="113" sl="223" path="1" offsetend="27" fileid="1" />
              </BranchPoints>
              <MethodPoint xsi:type="SequencePoint" vc="0" uspid="55" ordinal="0" offset="0" sl="220" sc="7" el="220" ec="45" bec="0" bev="0" fileid="1" />
            </Method>
            <Method visited="false" cyclomaticComplexity="1" nPathComplexity="0" sequenceCoverage="0" branchCoverage="0" isConstructor="true" isStatic="true" isGetter="false" isSetter="false" crapScore="2">
              <Summary numSequencePoints="1" visitedSequencePoints="0" numBranchPoints="1" visitedBranchPoints="0" sequenceCoverage="0" branchCoverage="0" maxCyclomaticComplexity="1" minCyclomaticComplexity="1" visitedClasses="0" numClasses="0" visitedMethods="0" numMethods="1" minCrapScore="2" maxCrapScore="2" />
              <MetadataToken>100663306</MetadataToken>
              <Name>System.Void AltCover.Monitor::.cctor()</Name>
              <FileRef uid="1" />
              <SequencePoints>
                <SequencePoint vc="0" uspid="56" ordinal="0" offset="0" sl="118" sc="5" el="118" ec="61" bec="0" bev="0" fileid="1" />
              </SequencePoints>
              <BranchPoints />
              <MethodPoint xsi:type="SequencePoint" vc="0" uspid="56" ordinal="0" offset="0" sl="118" sc="5" el="118" ec="61" bec="0" bev="0" fileid="1" />
            </Method>
          </Methods>
        </Class>
        <Class>
          <Summary numSequencePoints="15" visitedSequencePoints="0" numBranchPoints="11" visitedBranchPoints="0" sequenceCoverage="0" branchCoverage="0" maxCyclomaticComplexity="8" minCyclomaticComplexity="1" visitedClasses="0" numClasses="1" visitedMethods="0" numMethods="1" minCrapScore="72" maxCrapScore="72" />
          <FullName>AltCover.Monitor/&lt;TypeInstance&gt;d__1</FullName>
          <Methods>
            <Method visited="false" cyclomaticComplexity="1" nPathComplexity="0" sequenceCoverage="0" branchCoverage="0" isConstructor="false" isStatic="false" isGetter="false" isSetter="false" crapScore="2">
              <Summary numSequencePoints="0" visitedSequencePoints="0" numBranchPoints="0" visitedBranchPoints="0" sequenceCoverage="0" branchCoverage="0" maxCyclomaticComplexity="1" minCyclomaticComplexity="1" visitedClasses="0" numClasses="0" visitedMethods="0" numMethods="0" minCrapScore="2" maxCrapScore="2" />
              <MetadataToken>100663308</MetadataToken>
              <Name>System.Void AltCover.Monitor/&lt;TypeInstance&gt;d__1::System.IDisposable.Dispose()</Name>
              <SequencePoints />
              <BranchPoints />
              <MethodPoint vc="0" uspid="100663308" ordinal="0" offset="0" />
            </Method>
            <Method visited="false" cyclomaticComplexity="8" nPathComplexity="32" sequenceCoverage="0" branchCoverage="0" isConstructor="false" isStatic="false" isGetter="false" isSetter="false" crapScore="72">
              <Summary numSequencePoints="15" visitedSequencePoints="0" numBranchPoints="11" visitedBranchPoints="0" sequenceCoverage="0" branchCoverage="0" maxCyclomaticComplexity="8" minCyclomaticComplexity="8" visitedClasses="0" numClasses="0" visitedMethods="0" numMethods="1" minCrapScore="72" maxCrapScore="72" />
              <MetadataToken>100663309</MetadataToken>
              <Name>System.Boolean AltCover.Monitor/&lt;TypeInstance&gt;d__1::MoveNext()</Name>
              <FileRef uid="1" />
              <SequencePoints>
                <SequencePoint vc="0" uspid="71" ordinal="0" offset="26" sl="124" sc="9" el="124" ec="29" bec="0" bev="0" fileid="1" />
                <SequencePoint vc="0" uspid="70" ordinal="1" offset="28" sl="125" sc="27" el="125" ec="66" bec="0" bev="0" fileid="1" />
                <SequencePoint vc="0" uspid="69" ordinal="2" offset="43" sl="125" sc="18" el="125" ec="23" bec="0" bev="0" fileid="1" />
                <SequencePoint vc="0" uspid="68" ordinal="3" offset="48" sl="127" sc="11" el="127" ec="44" bec="2" bev="0" fileid="1" />
                <SequencePoint vc="0" uspid="67" ordinal="4" offset="72" sl="129" sc="13" el="129" ec="21" bec="0" bev="0" fileid="1" />
                <SequencePoint vc="0" uspid="66" ordinal="5" offset="75" sl="130" sc="13" el="130" ec="19" bec="0" bev="0" fileid="1" />
                <SequencePoint vc="0" uspid="65" ordinal="6" offset="81" sl="125" sc="24" el="125" ec="26" bec="2" bev="0" fileid="1" />
                <SequencePoint vc="0" uspid="64" ordinal="7" offset="87" sl="134" sc="9" el="134" ec="25" bec="2" bev="0" fileid="1" />
                <SequencePoint vc="0" uspid="63" ordinal="8" offset="96" sl="136" sc="29" el="136" ec="43" bec="0" bev="0" fileid="1" />
                <SequencePoint vc="0" uspid="62" ordinal="9" offset="108" sl="136" sc="20" el="136" ec="25" bec="0" bev="0" fileid="1" />
                <SequencePoint vc="0" uspid="61" ordinal="10" offset="114" sl="138" sc="13" el="138" ec="32" bec="2" bev="0" fileid="1" />
                <SequencePoint vc="0" uspid="60" ordinal="11" offset="134" sl="140" sc="15" el="140" ec="30" bec="0" bev="0" fileid="1" />
                <SequencePoint vc="0" uspid="59" ordinal="12" offset="158" sl="141" sc="15" el="141" ec="21" bec="0" bev="0" fileid="1" />
                <SequencePoint vc="0" uspid="58" ordinal="13" offset="164" sl="136" sc="26" el="136" ec="28" bec="2" bev="0" fileid="1" />
                <SequencePoint vc="0" uspid="57" ordinal="14" offset="171" sl="145" sc="9" el="145" ec="21" bec="0" bev="0" fileid="1" />
              </SequencePoints>
              <BranchPoints>
                <BranchPoint vc="0" uspid="20" ordinal="0" offset="70" sl="127" path="0" offsetend="72" fileid="1" />
                <BranchPoint vc="0" uspid="21" ordinal="1" offset="70" sl="127" path="1" offsetend="77" fileid="1" />
                <BranchPoint vc="0" uspid="22" ordinal="2" offset="85" sl="125" path="0" offsetend="87" fileid="1" />
                <BranchPoint vc="0" uspid="23" ordinal="3" offset="85" sl="125" path="1" offsetend="43" fileid="1" />
                <BranchPoint vc="0" uspid="24" ordinal="4" offset="94" sl="134" path="0" offsetend="96" fileid="1" />
                <BranchPoint vc="0" uspid="25" ordinal="5" offset="94" sl="134" path="1" offsetend="171" fileid="1" />
                <BranchPoint vc="0" uspid="26" ordinal="6" offset="132" sl="138" path="0" offsetend="134" fileid="1" />
                <BranchPoint vc="0" uspid="27" ordinal="7" offset="132" sl="138" path="1" offsetend="160" fileid="1" />
                <BranchPoint vc="0" uspid="28" ordinal="8" offset="169" sl="136" path="0" offsetend="171" fileid="1" />
                <BranchPoint vc="0" uspid="29" ordinal="9" offset="169" sl="136" path="1" offsetend="108" fileid="1" />
              </BranchPoints>
              <MethodPoint xsi:type="SequencePoint" vc="0" uspid="71" ordinal="0" offset="26" sl="124" sc="9" el="124" ec="29" bec="0" bev="0" fileid="1" />
            </Method>
            <Method visited="false" cyclomaticComplexity="1" nPathComplexity="0" sequenceCoverage="0" branchCoverage="0" isConstructor="false" isStatic="false" isGetter="true" isSetter="false" crapScore="2">
              <Summary numSequencePoints="0" visitedSequencePoints="0" numBranchPoints="0" visitedBranchPoints="0" sequenceCoverage="0" branchCoverage="0" maxCyclomaticComplexity="1" minCyclomaticComplexity="1" visitedClasses="0" numClasses="0" visitedMethods="0" numMethods="0" minCrapScore="2" maxCrapScore="2" />
              <MetadataToken>100663310</MetadataToken>
              <Name>System.Type AltCover.Monitor/&lt;TypeInstance&gt;d__1::System.Collections.Generic.IEnumerator&lt;System.Type&gt;.get_Current()</Name>
              <SequencePoints />
              <BranchPoints />
              <MethodPoint vc="0" uspid="100663310" ordinal="0" offset="0" />
            </Method>
            <Method visited="false" cyclomaticComplexity="1" nPathComplexity="0" sequenceCoverage="0" branchCoverage="0" isConstructor="false" isStatic="false" isGetter="false" isSetter="false" crapScore="2">
              <Summary numSequencePoints="0" visitedSequencePoints="0" numBranchPoints="0" visitedBranchPoints="0" sequenceCoverage="0" branchCoverage="0" maxCyclomaticComplexity="1" minCyclomaticComplexity="1" visitedClasses="0" numClasses="0" visitedMethods="0" numMethods="0" minCrapScore="2" maxCrapScore="2" />
              <MetadataToken>100663311</MetadataToken>
              <Name>System.Void AltCover.Monitor/&lt;TypeInstance&gt;d__1::System.Collections.IEnumerator.Reset()</Name>
              <SequencePoints />
              <BranchPoints />
              <MethodPoint vc="0" uspid="100663311" ordinal="0" offset="0" />
            </Method>
            <Method visited="false" cyclomaticComplexity="1" nPathComplexity="0" sequenceCoverage="0" branchCoverage="0" isConstructor="false" isStatic="false" isGetter="true" isSetter="false" crapScore="2">
              <Summary numSequencePoints="0" visitedSequencePoints="0" numBranchPoints="0" visitedBranchPoints="0" sequenceCoverage="0" branchCoverage="0" maxCyclomaticComplexity="1" minCyclomaticComplexity="1" visitedClasses="0" numClasses="0" visitedMethods="0" numMethods="0" minCrapScore="2" maxCrapScore="2" />
              <MetadataToken>100663312</MetadataToken>
              <Name>System.Object AltCover.Monitor/&lt;TypeInstance&gt;d__1::System.Collections.IEnumerator.get_Current()</Name>
              <SequencePoints />
              <BranchPoints />
              <MethodPoint vc="0" uspid="100663312" ordinal="0" offset="0" />
            </Method>
            <Method visited="false" cyclomaticComplexity="3" nPathComplexity="0" sequenceCoverage="0" branchCoverage="0" isConstructor="false" isStatic="false" isGetter="false" isSetter="false" crapScore="12">
              <Summary numSequencePoints="0" visitedSequencePoints="0" numBranchPoints="0" visitedBranchPoints="0" sequenceCoverage="0" branchCoverage="0" maxCyclomaticComplexity="3" minCyclomaticComplexity="3" visitedClasses="0" numClasses="0" visitedMethods="0" numMethods="0" minCrapScore="12" maxCrapScore="12" />
              <MetadataToken>100663313</MetadataToken>
              <Name>System.Collections.Generic.IEnumerator`1&lt;System.Type&gt; AltCover.Monitor/&lt;TypeInstance&gt;d__1::System.Collections.Generic.IEnumerable&lt;System.Type&gt;.GetEnumerator()</Name>
              <SequencePoints />
              <BranchPoints />
              <MethodPoint vc="0" uspid="100663313" ordinal="0" offset="0" />
            </Method>
            <Method visited="false" cyclomaticComplexity="1" nPathComplexity="0" sequenceCoverage="0" branchCoverage="0" isConstructor="false" isStatic="false" isGetter="false" isSetter="false" crapScore="2">
              <Summary numSequencePoints="0" visitedSequencePoints="0" numBranchPoints="0" visitedBranchPoints="0" sequenceCoverage="0" branchCoverage="0" maxCyclomaticComplexity="1" minCyclomaticComplexity="1" visitedClasses="0" numClasses="0" visitedMethods="0" numMethods="0" minCrapScore="2" maxCrapScore="2" />
              <MetadataToken>100663314</MetadataToken>
              <Name>System.Collections.IEnumerator AltCover.Monitor/&lt;TypeInstance&gt;d__1::System.Collections.IEnumerable.GetEnumerator()</Name>
              <SequencePoints />
              <BranchPoints />
              <MethodPoint vc="0" uspid="100663314" ordinal="0" offset="0" />
            </Method>
          </Methods>
        </Class>
      </Classes>
    </Module>
    <Module skippedDueTo="Filter" hash="EC-BD-08-EC-18-84-6A-98-B5-35-DA-82-38-1E-1C-3F-8E-CD-DD-70">
      <ModulePath>/Users/lextm/uno-tools/OpenDevelop/tests/OpenDevelop.IntegrationTests/bin/Debug/net11.0/__Saved_OpenDevelop.IntegrationTests/xunit.v3.runner.common.dll</ModulePath>
      <ModuleTime>2026-01-14T21:26:06Z</ModuleTime>
      <ModuleName>xunit.v3.runner.common</ModuleName>
      <Classes />
    </Module>
    <Module skippedDueTo="Filter" hash="31-91-99-8C-D2-47-B3-D4-E7-C1-3C-96-65-4E-95-33-1F-93-E2-9F">
      <ModulePath>/Users/lextm/uno-tools/OpenDevelop/tests/OpenDevelop.IntegrationTests/bin/Debug/net11.0/__Saved_OpenDevelop.IntegrationTests/xunit.v3.core.dll</ModulePath>
      <ModuleTime>2026-01-14T21:25:44Z</ModuleTime>
      <ModuleName>xunit.v3.core</ModuleName>
      <Classes />
    </Module>
    <Module skippedDueTo="Filter" hash="F3-F1-28-94-2A-6B-0B-2A-3F-CD-75-B4-2E-6F-48-1A-92-75-72-8A">
      <ModulePath>/Users/lextm/uno-tools/OpenDevelop/tests/OpenDevelop.IntegrationTests/bin/Debug/net11.0/__Saved_OpenDevelop.IntegrationTests/Microsoft.Testing.Extensions.TrxReport.Abstractions.dll</ModulePath>
      <ModuleTime>2025-11-11T13:03:16Z</ModuleTime>
      <ModuleName>Microsoft.Testing.Extensions.TrxReport.Abstractions</ModuleName>
      <Classes />
    </Module>
    <Module skippedDueTo="Filter" hash="EF-28-85-FC-72-DB-39-E0-95-CB-C2-84-38-41-FA-7F-D4-AE-C8-7E">
      <ModulePath>/Users/lextm/uno-tools/OpenDevelop/tests/OpenDevelop.IntegrationTests/bin/Debug/net11.0/__Saved_OpenDevelop.IntegrationTests/Microsoft.Testing.Extensions.Telemetry.dll</ModulePath>
      <ModuleTime>2025-11-11T13:03:16Z</ModuleTime>
      <ModuleName>Microsoft.Testing.Extensions.Telemetry</ModuleName>
      <Classes />
    </Module>
    <Module skippedDueTo="Filter" hash="7D-96-B3-F2-F3-5A-1E-36-FB-DF-92-38-D6-B7-F4-5B-94-D5-08-88">
      <ModulePath>/Users/lextm/uno-tools/OpenDevelop/tests/OpenDevelop.IntegrationTests/bin/Debug/net11.0/__Saved_OpenDevelop.IntegrationTests/Microsoft.Testing.Extensions.MSBuild.dll</ModulePath>
      <ModuleTime>2025-11-11T13:03:16Z</ModuleTime>
      <ModuleName>Microsoft.Testing.Extensions.MSBuild</ModuleName>
      <Classes />
    </Module>
    <Module skippedDueTo="Filter" hash="C9-B8-1A-3D-B4-02-AA-D6-4E-FD-AF-09-FC-41-F7-9B-9E-9D-9D-EE">
      <ModulePath>/Users/lextm/uno-tools/OpenDevelop/tests/OpenDevelop.IntegrationTests/bin/Debug/net11.0/__Saved_OpenDevelop.IntegrationTests/xunit.v3.runner.utility.netcore.dll</ModulePath>
      <ModuleTime>2026-01-14T21:26:42Z</ModuleTime>
      <ModuleName>xunit.v3.runner.utility.netcore</ModuleName>
      <Classes />
    </Module>
    <Module skippedDueTo="Filter" hash="61-A7-6D-25-F0-D9-56-A5-E5-13-AD-D3-67-42-DB-1E-4F-D1-72-C7">
      <ModulePath>/Users/lextm/uno-tools/OpenDevelop/tests/OpenDevelop.IntegrationTests/bin/Debug/net11.0/__Saved_OpenDevelop.IntegrationTests/xunit.v3.runner.inproc.console.dll</ModulePath>
      <ModuleTime>2026-01-14T21:26:30Z</ModuleTime>
      <ModuleName>xunit.v3.runner.inproc.console</ModuleName>
      <Classes />
    </Module>
    <Module skippedDueTo="Filter" hash="B3-AC-4E-00-96-29-EC-16-C5-38-42-01-24-49-7F-86-C3-3E-09-38">
      <ModulePath>/Users/lextm/uno-tools/OpenDevelop/tests/OpenDevelop.IntegrationTests/bin/Debug/net11.0/__Saved_OpenDevelop.IntegrationTests/xunit.v3.mtp-v1.dll</ModulePath>
      <ModuleTime>2026-01-14T21:25:56Z</ModuleTime>
      <ModuleName>xunit.v3.mtp-v1</ModuleName>
      <Classes />
    </Module>
    <Module hash="6F-19-E6-51-79-7A-F5-24-E0-19-01-B0-39-C0-54-A4-B8-82-99-A4">
      <Summary numSequencePoints="756" visitedSequencePoints="262" numBranchPoints="210" visitedBranchPoints="55" sequenceCoverage="34.66" branchCoverage="26.19" maxCyclomaticComplexity="39" minCyclomaticComplexity="1" visitedClasses="18" numClasses="54" visitedMethods="34" numMethods="96" minCrapScore="1" maxCrapScore="1165.64" />
      <ModulePath>/Users/lextm/uno-tools/OpenDevelop/tests/OpenDevelop.IntegrationTests/bin/Debug/net11.0/__Saved_OpenDevelop.IntegrationTests/OpenDevelop.IntegrationTests.dll</ModulePath>
      <ModuleTime>2026-07-10T20:05:31.5905729Z</ModuleTime>
      <ModuleName>OpenDevelop.IntegrationTests</ModuleName>
      <Files>
        <File uid="3" fullPath="/Users/lextm/uno-tools/OpenDevelop/tests/OpenDevelop.IntegrationTests/BuildTests.cs" />
        <File uid="4" fullPath="/Users/lextm/uno-tools/OpenDevelop/tests/OpenDevelop.IntegrationTests/DebuggerIntegrationTests.cs" />
        <File uid="5" fullPath="/Users/lextm/uno-tools/OpenDevelop/tests/OpenDevelop.IntegrationTests/DevFlowAddInsTests.cs" />
        <File uid="6" fullPath="/Users/lextm/uno-tools/OpenDevelop/tests/OpenDevelop.IntegrationTests/DevFlowAgentTests.cs" />
        <File uid="7" fullPath="/Users/lextm/uno-tools/OpenDevelop/tests/OpenDevelop.IntegrationTests/OpenDevelopAppFixture.cs" />
        <File uid="8" fullPath="/Users/lextm/uno-tools/OpenDevelop/tests/OpenDevelop.IntegrationTests/SlnxLoadingTests.cs" />
        <File uid="9" fullPath="/Users/lextm/uno-tools/OpenDevelop/tests/OpenDevelop.IntegrationTests/SolutionExplorerAndEditorTests.cs" />
        <File uid="10" fullPath="/Users/lextm/uno-tools/OpenDevelop/tests/OpenDevelop.IntegrationTests/UnitTestingTests.cs" />
        <File uid="11" fullPath="/Users/lextm/uno-tools/OpenDevelop/tests/OpenDevelop.IntegrationTests/obj/Debug/net11.0/SelfRegisteredExtensions.cs" altcover.embed="rVFNSwMxEL0v7H/IUUGz9yrC2lbsoSi2t9JDNpnGYDZZMrO1i/S/S/aj7cGKSN8l4U1m3nuTLLu9KNIky9i9qMnfanAQBIF6aMmI5btBJr0C9imQHR6womFzI4NHvyG+BCTjNH+1gjY+lHy+eKyNVd3o7IfZl46QJk6UgJWQwF4qcBPYgvUVnzkCHQQZ76JJTJOvNIm5Vtr6QtjRaNEgQcknRmjnkYxEPvYKcidsgwb5dCdtreAp+DLyY7+FIDSsuzHGEQQnLEMSZCSTViCyBdjNG2iDBAHUdEfg0HiHXU/vIKKqC2vk0Lz1RrFcqXPtVxQ/YzD+y/rb5UPgs1jJq8oa2a6g51nRnTcMKRinV2smgsbro68TixF/kOx/fCgMfK/47P0Hz9VploOHVvruoHde69jMl2ChBArNv/WOAffddZ8m+28=" />
        <File uid="12" fullPath="/Users/lextm/uno-tools/OpenDevelop/tests/OpenDevelop.IntegrationTests/obj/Debug/net11.0/XunitAutoGeneratedEntryPoint.cs" altcover.embed="fZBBT+NADIXPya+wemqlzfSwNxaQolIQ0qKtCoeVEIdJ4gaLiadre0oj6H9fpbSrBQlOHnue533zplM49cli0SKjeMPmHO4eSWFFAeHRK1SIDIME/kmg6mGbmMxtvrtOq0ShMa9P6uB0+uG1PGffoa59jfBrjXyBGwxx7a7ZsBVvFPkO1dSVyeLVcS1/ybP7NsTKh5OT214NO3dBvuWoRrW6WWywZB96JXXzbR1Sg5cSu2E+ixsU3+JDnhEbCvsAdfCq8HtgfuczZ5N+EYktz17yLFunKlANat6oBmKDG088VhPi9v4BvLQ6ybO9NqMVjD8w/iT+4+acOhRfBXQl9+Nh59uwCWfnb+UMRkWhKBuUEby+/jc8AheHVAuODY4mg2WWCVoShqPl/jfuhmqJGlc2pEjcLoK3VZTODf2xGc6X4jt8jvLklolL7bk+kN1iWC2xJTUUbOZbQ1aKrK5sms/uJu4KrXz2ZCjjfbNETcHGkx8DKgbFz5GXiRnFXfNCYu3ekptF1hjQHepBsky8h/zabpdnu3z3Fw==" />
      </Files>
      <Classes>
        <Class>
          <Summary numSequencePoints="4" visitedSequencePoints="0" numBranchPoints="1" visitedBranchPoints="0" sequenceCoverage="0" branchCoverage="0" maxCyclomaticComplexity="1" minCyclomaticComplexity="1" visitedClasses="0" numClasses="1" visitedMethods="0" numMethods="1" minCrapScore="2" maxCrapScore="2" />
          <FullName>OpenDevelop.IntegrationTests.BuildTests</FullName>
          <Methods>
            <Method visited="false" cyclomaticComplexity="1" nPathComplexity="0" sequenceCoverage="0" branchCoverage="0" isConstructor="true" isStatic="false" isGetter="false" isSetter="false" crapScore="2">
              <Summary numSequencePoints="4" visitedSequencePoints="0" numBranchPoints="1" visitedBranchPoints="0" sequenceCoverage="0" branchCoverage="0" maxCyclomaticComplexity="1" minCyclomaticComplexity="1" visitedClasses="0" numClasses="0" visitedMethods="0" numMethods="1" minCrapScore="2" maxCrapScore="2" />
              <MetadataToken>100663302</MetadataToken>
              <Name>System.Void OpenDevelop.IntegrationTests.BuildTests::.ctor(OpenDevelop.IntegrationTests.OpenDevelopAppFixture)</Name>
              <FileRef uid="3" />
              <SequencePoints>
                <SequencePoint vc="0" uspid="3" ordinal="0" offset="0" sl="17" sc="5" el="17" ec="49" bec="0" bev="0" fileid="3" />
                <SequencePoint vc="0" uspid="2" ordinal="1" offset="7" sl="18" sc="5" el="18" ec="6" bec="0" bev="0" fileid="3" />
                <SequencePoint vc="0" uspid="1" ordinal="2" offset="8" sl="19" sc="9" el="19" ec="20" bec="0" bev="0" fileid="3" />
                <SequencePoint vc="0" uspid="0" ordinal="3" offset="15" sl="20" sc="5" el="20" ec="6" bec="0" bev="0" fileid="3" />
              </SequencePoints>
              <BranchPoints />
              <MethodPoint xsi:type="SequencePoint" vc="0" uspid="3" ordinal="0" offset="0" sl="17" sc="5" el="17" ec="49" bec="0" bev="0" fileid="3" />
            </Method>
            <Method visited="false" cyclomaticComplexity="1" nPathComplexity="0" sequenceCoverage="0" branchCoverage="0" isConstructor="false" isStatic="false" isGetter="false" isSetter="false" crapScore="2">
              <Summary numSequencePoints="0" visitedSequencePoints="0" numBranchPoints="0" visitedBranchPoints="0" sequenceCoverage="0" branchCoverage="0" maxCyclomaticComplexity="1" minCyclomaticComplexity="1" visitedClasses="0" numClasses="0" visitedMethods="0" numMethods="0" minCrapScore="2" maxCrapScore="2" />
              <MetadataToken>100663303</MetadataToken>
              <Name>System.Threading.Tasks.Task OpenDevelop.IntegrationTests.BuildTests::BuildSolution_FixtureProjectBuildsSuccessfully()</Name>
              <SequencePoints />
              <BranchPoints />
              <MethodPoint vc="0" uspid="100663303" ordinal="0" offset="0" />
            </Method>
            <Method visited="false" cyclomaticComplexity="1" nPathComplexity="0" sequenceCoverage="0" branchCoverage="0" isConstructor="false" isStatic="false" isGetter="false" isSetter="false" crapScore="2">
              <Summary numSequencePoints="0" visitedSequencePoints="0" numBranchPoints="0" visitedBranchPoints="0" sequenceCoverage="0" branchCoverage="0" maxCyclomaticComplexity="1" minCyclomaticComplexity="1" visitedClasses="0" numClasses="0" visitedMethods="0" numMethods="0" minCrapScore="2" maxCrapScore="2" />
              <MetadataToken>100663304</MetadataToken>
              <Name>System.Threading.Tasks.Task OpenDevelop.IntegrationTests.BuildTests::BuildSolution_OutputPadCapturesRealBuildLog()</Name>
              <SequencePoints />
              <BranchPoints />
              <MethodPoint vc="0" uspid="100663304" ordinal="0" offset="0" />
            </Method>
            <Method visited="false" cyclomaticComplexity="1" nPathComplexity="0" sequenceCoverage="0" branchCoverage="0" isConstructor="false" isStatic="false" isGetter="false" isSetter="false" crapScore="2">
              <Summary numSequencePoints="0" visitedSequencePoints="0" numBranchPoints="0" visitedBranchPoints="0" sequenceCoverage="0" branchCoverage="0" maxCyclomaticComplexity="1" minCyclomaticComplexity="1" visitedClasses="0" numClasses="0" visitedMethods="0" numMethods="0" minCrapScore="2" maxCrapScore="2" />
              <MetadataToken>100663305</MetadataToken>
              <Name>System.Threading.Tasks.Task OpenDevelop.IntegrationTests.BuildTests::BuildSolution_UnknownProjectNameReturnsError()</Name>
              <SequencePoints />
              <BranchPoints />
              <MethodPoint vc="0" uspid="100663305" ordinal="0" offset="0" />
            </Method>
          </Methods>
        </Class>
        <Class>
          <Summary numSequencePoints="9" visitedSequencePoints="0" numBranchPoints="1" visitedBranchPoints="0" sequenceCoverage="0" branchCoverage="0" maxCyclomaticComplexity="5" minCyclomaticComplexity="1" visitedClasses="0" numClasses="1" visitedMethods="0" numMethods="1" minCrapScore="30" maxCrapScore="30" />
          <FullName>OpenDevelop.IntegrationTests.BuildTests/&lt;BuildSolution_FixtureProjectBuildsSuccessfully&gt;d__2</FullName>
          <Methods>
            <Method visited="false" cyclomaticComplexity="5" nPathComplexity="0" sequenceCoverage="0" branchCoverage="0" isConstructor="false" isStatic="false" isGetter="false" isSetter="false" crapScore="30">
              <Summary numSequencePoints="9" visitedSequencePoints="0" numBranchPoints="1" visitedBranchPoints="0" sequenceCoverage="0" branchCoverage="0" maxCyclomaticComplexity="5" minCyclomaticComplexity="5" visitedClasses="0" numClasses="0" visitedMethods="0" numMethods="1" minCrapScore="30" maxCrapScore="30" />
              <MetadataToken>100663377</MetadataToken>
              <Name>System.Void OpenDevelop.IntegrationTests.BuildTests/&lt;BuildSolution_FixtureProjectBuildsSuccessfully&gt;d__2::MoveNext()</Name>
              <FileRef uid="3" />
              <SequencePoints>
                <SequencePoint vc="0" uspid="12" ordinal="0" offset="25" sl="24" sc="5" el="24" ec="6" bec="0" bev="0" fileid="3" />
                <SequencePoint vc="0" uspid="11" ordinal="1" offset="26" sl="25" sc="9" el="25" ec="86" bec="0" bev="0" fileid="3" />
                <SequencePoint vc="0" uspid="10" ordinal="2" offset="162" sl="27" sc="9" el="27" ec="66" bec="0" bev="0" fileid="3" />
                <SequencePoint vc="0" uspid="9" ordinal="3" offset="307" sl="29" sc="9" el="29" ec="142" bec="0" bev="0" fileid="3" />
                <SequencePoint vc="0" uspid="8" ordinal="4" offset="343" sl="30" sc="9" el="30" ec="75" bec="0" bev="0" fileid="3" />
                <SequencePoint vc="0" uspid="7" ordinal="5" offset="379" sl="31" sc="9" el="31" ec="70" bec="0" bev="0" fileid="3" />
                <SequencePoint vc="0" uspid="6" ordinal="6" offset="411" sl="32" sc="9" el="32" ec="72" bec="0" bev="0" fileid="3" />
                <SequencePoint vc="0" uspid="5" ordinal="7" offset="443" sl="33" sc="9" el="33" ec="74" bec="0" bev="0" fileid="3" />
                <SequencePoint vc="0" uspid="4" ordinal="8" offset="519" sl="34" sc="5" el="34" ec="6" bec="0" bev="0" fileid="3" />
              </SequencePoints>
              <BranchPoints />
              <MethodPoint xsi:type="SequencePoint" vc="0" uspid="12" ordinal="0" offset="25" sl="24" sc="5" el="24" ec="6" bec="0" bev="0" fileid="3" />
            </Method>
            <Method visited="false" cyclomaticComplexity="1" nPathComplexity="0" sequenceCoverage="0" branchCoverage="0" isConstructor="false" isStatic="false" isGetter="false" isSetter="false" crapScore="2">
              <Summary numSequencePoints="0" visitedSequencePoints="0" numBranchPoints="0" visitedBranchPoints="0" sequenceCoverage="0" branchCoverage="0" maxCyclomaticComplexity="1" minCyclomaticComplexity="1" visitedClasses="0" numClasses="0" visitedMethods="0" numMethods="0" minCrapScore="2" maxCrapScore="2" />
              <MetadataToken>100663378</MetadataToken>
              <Name>System.Void OpenDevelop.IntegrationTests.BuildTests/&lt;BuildSolution_FixtureProjectBuildsSuccessfully&gt;d__2::SetStateMachine(System.Runtime.CompilerServices.IAsyncStateMachine)</Name>
              <SequencePoints />
              <BranchPoints />
              <MethodPoint vc="0" uspid="100663378" ordinal="0" offset="0" />
            </Method>
          </Methods>
        </Class>
        <Class>
          <Summary numSequencePoints="10" visitedSequencePoints="0" numBranchPoints="1" visitedBranchPoints="0" sequenceCoverage="0" branchCoverage="0" maxCyclomaticComplexity="8" minCyclomaticComplexity="1" visitedClasses="0" numClasses="1" visitedMethods="0" numMethods="1" minCrapScore="72" maxCrapScore="72" />
          <FullName>OpenDevelop.IntegrationTests.BuildTests/&lt;BuildSolution_OutputPadCapturesRealBuildLog&gt;d__3</FullName>
          <Methods>
            <Method visited="false" cyclomaticComplexity="8" nPathComplexity="0" sequenceCoverage="0" branchCoverage="0" isConstructor="false" isStatic="false" isGetter="false" isSetter="false" crapScore="72">
              <Summary numSequencePoints="10" visitedSequencePoints="0" numBranchPoints="1" visitedBranchPoints="0" sequenceCoverage="0" branchCoverage="0" maxCyclomaticComplexity="8" minCyclomaticComplexity="8" visitedClasses="0" numClasses="0" visitedMethods="0" numMethods="1" minCrapScore="72" maxCrapScore="72" />
              <MetadataToken>100663380</MetadataToken>
              <Name>System.Void OpenDevelop.IntegrationTests.BuildTests/&lt;BuildSolution_OutputPadCapturesRealBuildLog&gt;d__3::MoveNext()</Name>
              <FileRef uid="3" />
              <SequencePoints>
                <SequencePoint vc="0" uspid="22" ordinal="0" offset="39" sl="38" sc="5" el="38" ec="6" bec="0" bev="0" fileid="3" />
                <SequencePoint vc="0" uspid="21" ordinal="1" offset="40" sl="39" sc="9" el="39" ec="86" bec="0" bev="0" fileid="3" />
                <SequencePoint vc="0" uspid="20" ordinal="2" offset="176" sl="40" sc="9" el="40" ec="53" bec="0" bev="0" fileid="3" />
                <SequencePoint vc="0" uspid="19" ordinal="3" offset="292" sl="42" sc="9" el="42" ec="63" bec="0" bev="0" fileid="3" />
                <SequencePoint vc="0" uspid="18" ordinal="4" offset="440" sl="44" sc="9" el="44" ec="75" bec="0" bev="0" fileid="3" />
                <SequencePoint vc="0" uspid="17" ordinal="5" offset="476" sl="45" sc="9" el="45" ec="63" bec="0" bev="0" fileid="3" />
                <SequencePoint vc="0" uspid="16" ordinal="6" offset="507" sl="46" sc="9" el="46" ec="49" bec="0" bev="0" fileid="3" />
                <SequencePoint vc="0" uspid="15" ordinal="7" offset="524" sl="47" sc="9" el="47" ec="51" bec="0" bev="0" fileid="3" />
                <SequencePoint vc="0" uspid="14" ordinal="8" offset="541" sl="48" sc="9" el="48" ec="44" bec="0" bev="0" fileid="3" />
                <SequencePoint vc="0" uspid="13" ordinal="9" offset="605" sl="49" sc="5" el="49" ec="6" bec="0" bev="0" fileid="3" />
              </SequencePoints>
              <BranchPoints />
              <MethodPoint xsi:type="SequencePoint" vc="0" uspid="22" ordinal="0" offset="39" sl="38" sc="5" el="38" ec="6" bec="0" bev="0" fileid="3" />
            </Method>
            <Method visited="false" cyclomaticComplexity="1" nPathComplexity="0" sequenceCoverage="0" branchCoverage="0" isConstructor="false" isStatic="false" isGetter="false" isSetter="false" crapScore="2">
              <Summary numSequencePoints="0" visitedSequencePoints="0" numBranchPoints="0" visitedBranchPoints="0" sequenceCoverage="0" branchCoverage="0" maxCyclomaticComplexity="1" minCyclomaticComplexity="1" visitedClasses="0" numClasses="0" visitedMethods="0" numMethods="0" minCrapScore="2" maxCrapScore="2" />
              <MetadataToken>100663381</MetadataToken>
              <Name>System.Void OpenDevelop.IntegrationTests.BuildTests/&lt;BuildSolution_OutputPadCapturesRealBuildLog&gt;d__3::SetStateMachine(System.Runtime.CompilerServices.IAsyncStateMachine)</Name>
              <SequencePoints />
              <BranchPoints />
              <MethodPoint vc="0" uspid="100663381" ordinal="0" offset="0" />
            </Method>
          </Methods>
        </Class>
        <Class>
          <Summary numSequencePoints="6" visitedSequencePoints="0" numBranchPoints="1" visitedBranchPoints="0" sequenceCoverage="0" branchCoverage="0" maxCyclomaticComplexity="5" minCyclomaticComplexity="1" visitedClasses="0" numClasses="1" visitedMethods="0" numMethods="1" minCrapScore="30" maxCrapScore="30" />
          <FullName>OpenDevelop.IntegrationTests.BuildTests/&lt;BuildSolution_UnknownProjectNameReturnsError&gt;d__4</FullName>
          <Methods>
            <Method visited="false" cyclomaticComplexity="5" nPathComplexity="0" sequenceCoverage="0" branchCoverage="0" isConstructor="false" isStatic="false" isGetter="false" isSetter="false" crapScore="30">
              <Summary numSequencePoints="6" visitedSequencePoints="0" numBranchPoints="1" visitedBranchPoints="0" sequenceCoverage="0" branchCoverage="0" maxCyclomaticComplexity="5" minCyclomaticComplexity="5" visitedClasses="0" numClasses="0" visitedMethods="0" numMethods="1" minCrapScore="30" maxCrapScore="30" />
              <MetadataToken>100663383</MetadataToken>
              <Name>System.Void OpenDevelop.IntegrationTests.BuildTests/&lt;BuildSolution_UnknownProjectNameReturnsError&gt;d__4::MoveNext()</Name>
              <FileRef uid="3" />
              <SequencePoints>
                <SequencePoint vc="0" uspid="28" ordinal="0" offset="25" sl="53" sc="5" el="53" ec="6" bec="0" bev="0" fileid="3" />
                <SequencePoint vc="0" uspid="27" ordinal="1" offset="26" sl="54" sc="9" el="54" ec="86" bec="0" bev="0" fileid="3" />
                <SequencePoint vc="0" uspid="26" ordinal="2" offset="162" sl="56" sc="9" el="56" ec="83" bec="0" bev="0" fileid="3" />
                <SequencePoint vc="0" uspid="25" ordinal="3" offset="316" sl="58" sc="9" el="58" ec="66" bec="0" bev="0" fileid="3" />
                <SequencePoint vc="0" uspid="24" ordinal="4" offset="347" sl="59" sc="9" el="59" ec="83" bec="0" bev="0" fileid="3" />
                <SequencePoint vc="0" uspid="23" ordinal="5" offset="423" sl="60" sc="5" el="60" ec="6" bec="0" bev="0" fileid="3" />
              </SequencePoints>
              <BranchPoints />
              <MethodPoint xsi:type="SequencePoint" vc="0" uspid="28" ordinal="0" offset="25" sl="53" sc="5" el="53" ec="6" bec="0" bev="0" fileid="3" />
            </Method>
            <Method visited="false" cyclomaticComplexity="1" nPathComplexity="0" sequenceCoverage="0" branchCoverage="0" isConstructor="false" isStatic="false" isGetter="false" isSetter="false" crapScore="2">
              <Summary numSequencePoints="0" visitedSequencePoints="0" numBranchPoints="0" visitedBranchPoints="0" sequenceCoverage="0" branchCoverage="0" maxCyclomaticComplexity="1" minCyclomaticComplexity="1" visitedClasses="0" numClasses="0" visitedMethods="0" numMethods="0" minCrapScore="2" maxCrapScore="2" />
              <MetadataToken>100663384</MetadataToken>
              <Name>System.Void OpenDevelop.IntegrationTests.BuildTests/&lt;BuildSolution_UnknownProjectNameReturnsError&gt;d__4::SetStateMachine(System.Runtime.CompilerServices.IAsyncStateMachine)</Name>
              <SequencePoints />
              <BranchPoints />
              <MethodPoint vc="0" uspid="100663384" ordinal="0" offset="0" />
            </Method>
          </Methods>
        </Class>
        <Class>
          <Summary numSequencePoints="17" visitedSequencePoints="15" numBranchPoints="8" visitedBranchPoints="4" sequenceCoverage="88.24" branchCoverage="50" maxCyclomaticComplexity="3" minCyclomaticComplexity="1" visitedClasses="1" numClasses="1" visitedMethods="3" numMethods="4" minCrapScore="1" maxCrapScore="6" />
          <FullName>OpenDevelop.IntegrationTests.DebuggerIntegrationTests</FullName>
          <Methods>
            <Method visited="true" cyclomaticComplexity="1" nPathComplexity="0" sequenceCoverage="100" branchCoverage="0" isConstructor="true" isStatic="false" isGetter="false" isSetter="false" crapScore="1">
              <Summary numSequencePoints="4" visitedSequencePoints="4" numBranchPoints="1" visitedBranchPoints="0" sequenceCoverage="100" branchCoverage="0" maxCyclomaticComplexity="1" minCyclomaticComplexity="1" visitedClasses="0" numClasses="0" visitedMethods="1" numMethods="1" minCrapScore="1" maxCrapScore="1" />
              <MetadataToken>100663306</MetadataToken>
              <Name>System.Void OpenDevelop.IntegrationTests.DebuggerIntegrationTests::.ctor(OpenDevelop.IntegrationTests.OpenDevelopAppFixture)</Name>
              <FileRef uid="4" />
              <SequencePoints>
                <SequencePoint vc="1" uspid="32" ordinal="0" offset="0" sl="12" sc="5" el="12" ec="63" bec="0" bev="0" fileid="4" />
                <SequencePoint vc="1" uspid="31" ordinal="1" offset="7" sl="13" sc="5" el="13" ec="6" bec="0" bev="0" fileid="4" />
                <SequencePoint vc="1" uspid="30" ordinal="2" offset="8" sl="14" sc="9" el="14" ec="20" bec="0" bev="0" fileid="4" />
                <SequencePoint vc="1" uspid="29" ordinal="3" offset="15" sl="15" sc="5" el="15" ec="6" bec="0" bev="0" fileid="4" />
              </SequencePoints>
              <BranchPoints />
              <MethodPoint xsi:type="SequencePoint" vc="1" uspid="32" ordinal="0" offset="0" sl="12" sc="5" el="12" ec="63" bec="0" bev="0" fileid="4" />
            </Method>
            <Method visited="true" cyclomaticComplexity="1" nPathComplexity="0" sequenceCoverage="0" branchCoverage="0" isConstructor="false" isStatic="false" isGetter="false" isSetter="false" crapScore="1">
              <Summary numSequencePoints="0" visitedSequencePoints="0" numBranchPoints="0" visitedBranchPoints="0" sequenceCoverage="0" branchCoverage="0" maxCyclomaticComplexity="1" minCyclomaticComplexity="1" visitedClasses="0" numClasses="0" visitedMethods="0" numMethods="0" minCrapScore="1" maxCrapScore="1" />
              <MetadataToken>100663307</MetadataToken>
              <Name>System.Threading.Tasks.Task OpenDevelop.IntegrationTests.DebuggerIntegrationTests::DebuggerService_IsRegisteredByAddIn()</Name>
              <SequencePoints />
              <BranchPoints />
              <MethodPoint vc="1" uspid="100663307" ordinal="0" offset="0" />
            </Method>
            <Method visited="true" cyclomaticComplexity="1" nPathComplexity="0" sequenceCoverage="0" branchCoverage="0" isConstructor="false" isStatic="false" isGetter="false" isSetter="false" crapScore="1">
              <Summary numSequencePoints="0" visitedSequencePoints="0" numBranchPoints="0" visitedBranchPoints="0" sequenceCoverage="0" branchCoverage="0" maxCyclomaticComplexity="1" minCyclomaticComplexity="1" visitedClasses="0" numClasses="0" visitedMethods="0" numMethods="0" minCrapScore="1" maxCrapScore="1" />
              <MetadataToken>100663308</MetadataToken>
              <Name>System.Threading.Tasks.Task OpenDevelop.IntegrationTests.DebuggerIntegrationTests::BreakpointHit_ExposesCallStackLocalsAndEvaluate()</Name>
              <SequencePoints />
              <BranchPoints />
              <MethodPoint vc="1" uspid="100663308" ordinal="0" offset="0" />
            </Method>
            <Method visited="true" cyclomaticComplexity="1" nPathComplexity="0" sequenceCoverage="0" branchCoverage="0" isConstructor="false" isStatic="false" isGetter="false" isSetter="false" crapScore="1">
              <Summary numSequencePoints="0" visitedSequencePoints="0" numBranchPoints="0" visitedBranchPoints="0" sequenceCoverage="0" branchCoverage="0" maxCyclomaticComplexity="1" minCyclomaticComplexity="1" visitedClasses="0" numClasses="0" visitedMethods="0" numMethods="0" minCrapScore="1" maxCrapScore="1" />
              <MetadataToken>100663309</MetadataToken>
              <Name>System.Threading.Tasks.Task OpenDevelop.IntegrationTests.DebuggerIntegrationTests::StepIntoAndStepOver_UpdateCurrentFrameAndLocals()</Name>
              <SequencePoints />
              <BranchPoints />
              <MethodPoint vc="1" uspid="100663309" ordinal="0" offset="0" />
            </Method>
            <Method visited="true" cyclomaticComplexity="1" nPathComplexity="0" sequenceCoverage="0" branchCoverage="0" isConstructor="false" isStatic="false" isGetter="false" isSetter="false" crapScore="1">
              <Summary numSequencePoints="0" visitedSequencePoints="0" numBranchPoints="0" visitedBranchPoints="0" sequenceCoverage="0" branchCoverage="0" maxCyclomaticComplexity="1" minCyclomaticComplexity="1" visitedClasses="0" numClasses="0" visitedMethods="0" numMethods="0" minCrapScore="1" maxCrapScore="1" />
              <MetadataToken>100663310</MetadataToken>
              <Name>System.Threading.Tasks.Task OpenDevelop.IntegrationTests.DebuggerIntegrationTests::ContinueDebug_HitsSecondBreakpoint()</Name>
              <SequencePoints />
              <BranchPoints />
              <MethodPoint vc="1" uspid="100663310" ordinal="0" offset="0" />
            </Method>
            <Method visited="true" cyclomaticComplexity="1" nPathComplexity="0" sequenceCoverage="0" branchCoverage="0" isConstructor="false" isStatic="false" isGetter="false" isSetter="false" crapScore="1">
              <Summary numSequencePoints="0" visitedSequencePoints="0" numBranchPoints="0" visitedBranchPoints="0" sequenceCoverage="0" branchCoverage="0" maxCyclomaticComplexity="1" minCyclomaticComplexity="1" visitedClasses="0" numClasses="0" visitedMethods="0" numMethods="0" minCrapScore="1" maxCrapScore="1" />
              <MetadataToken>100663311</MetadataToken>
              <Name>System.Threading.Tasks.Task OpenDevelop.IntegrationTests.DebuggerIntegrationTests::DebugThreads_WhileStopped_ReturnsAtLeastOneThread()</Name>
              <SequencePoints />
              <BranchPoints />
              <MethodPoint vc="1" uspid="100663311" ordinal="0" offset="0" />
            </Method>
            <Method visited="true" cyclomaticComplexity="1" nPathComplexity="0" sequenceCoverage="0" branchCoverage="0" isConstructor="false" isStatic="false" isGetter="false" isSetter="false" crapScore="1">
              <Summary numSequencePoints="0" visitedSequencePoints="0" numBranchPoints="0" visitedBranchPoints="0" sequenceCoverage="0" branchCoverage="0" maxCyclomaticComplexity="1" minCyclomaticComplexity="1" visitedClasses="0" numClasses="0" visitedMethods="0" numMethods="0" minCrapScore="1" maxCrapScore="1" />
              <MetadataToken>100663312</MetadataToken>
              <Name>System.Threading.Tasks.Task OpenDevelop.IntegrationTests.DebuggerIntegrationTests::DebugModules_WhileStopped_ReturnsAtLeastOneModule()</Name>
              <SequencePoints />
              <BranchPoints />
              <MethodPoint vc="1" uspid="100663312" ordinal="0" offset="0" />
            </Method>
            <Method visited="true" cyclomaticComplexity="1" nPathComplexity="0" sequenceCoverage="0" branchCoverage="0" isConstructor="false" isStatic="false" isGetter="false" isSetter="false" crapScore="1">
              <Summary numSequencePoints="0" visitedSequencePoints="0" numBranchPoints="0" visitedBranchPoints="0" sequenceCoverage="0" branchCoverage="0" maxCyclomaticComplexity="1" minCyclomaticComplexity="1" visitedClasses="0" numClasses="0" visitedMethods="0" numMethods="0" minCrapScore="1" maxCrapScore="1" />
              <MetadataToken>100663313</MetadataToken>
              <Name>System.Threading.Tasks.Task OpenDevelop.IntegrationTests.DebuggerIntegrationTests::DebugOutput_AfterStart_CapturesDebuggerText()</Name>
              <SequencePoints />
              <BranchPoints />
              <MethodPoint vc="1" uspid="100663313" ordinal="0" offset="0" />
            </Method>
            <Method visited="true" cyclomaticComplexity="1" nPathComplexity="0" sequenceCoverage="100" branchCoverage="0" isConstructor="false" isStatic="false" isGetter="true" isSetter="false" crapScore="1">
              <Summary numSequencePoints="1" visitedSequencePoints="1" numBranchPoints="1" visitedBranchPoints="0" sequenceCoverage="100" branchCoverage="0" maxCyclomaticComplexity="1" minCyclomaticComplexity="1" visitedClasses="0" numClasses="0" visitedMethods="1" numMethods="1" minCrapScore="1" maxCrapScore="1" />
              <MetadataToken>100663314</MetadataToken>
              <Name>System.String OpenDevelop.IntegrationTests.DebuggerIntegrationTests::get_ProgramPath()</Name>
              <FileRef uid="4" />
              <SequencePoints>
                <SequencePoint vc="1" uspid="33" ordinal="0" offset="0" sl="255" sc="27" el="255" ec="104" bec="0" bev="0" fileid="4" />
              </SequencePoints>
              <BranchPoints />
              <MethodPoint xsi:type="SequencePoint" vc="1" uspid="33" ordinal="0" offset="0" sl="255" sc="27" el="255" ec="104" bec="0" bev="0" fileid="4" />
            </Method>
            <Method visited="true" cyclomaticComplexity="3" nPathComplexity="4" sequenceCoverage="90.91" branchCoverage="80" isConstructor="false" isStatic="true" isGetter="false" isSetter="false" crapScore="3.01">
              <Summary numSequencePoints="11" visitedSequencePoints="10" numBranchPoints="5" visitedBranchPoints="4" sequenceCoverage="90.91" branchCoverage="80" maxCyclomaticComplexity="3" minCyclomaticComplexity="3" visitedClasses="0" numClasses="0" visitedMethods="1" numMethods="1" minCrapScore="3.01" maxCrapScore="3.01" />
              <MetadataToken>100663315</MetadataToken>
              <Name>System.Int32 OpenDevelop.IntegrationTests.DebuggerIntegrationTests::FindLine(System.String,System.String)</Name>
              <FileRef uid="4" />
              <SequencePoints>
                <SequencePoint vc="1" uspid="44" ordinal="0" offset="0" sl="258" sc="5" el="258" ec="6" bec="0" bev="0" fileid="4" />
                <SequencePoint vc="1" uspid="43" ordinal="1" offset="1" sl="259" sc="9" el="259" ec="45" bec="0" bev="0" fileid="4" />
                <SequencePoint vc="1" uspid="42" ordinal="2" offset="8" sl="260" sc="14" el="260" ec="23" bec="0" bev="0" fileid="4" />
                <SequencePoint vc="1" uspid="41" ordinal="3" offset="12" sl="261" sc="9" el="261" ec="10" bec="0" bev="0" fileid="4" />
                <SequencePoint vc="1" uspid="40" ordinal="4" offset="13" sl="262" sc="13" el="262" ec="69" bec="2" bev="2" fileid="4" />
                <SequencePoint vc="1" uspid="39" ordinal="5" offset="27" sl="263" sc="17" el="263" ec="30" bec="0" bev="0" fileid="4" />
                <SequencePoint vc="1" uspid="38" ordinal="6" offset="33" sl="264" sc="9" el="264" ec="10" bec="0" bev="0" fileid="4" />
                <SequencePoint vc="1" uspid="37" ordinal="7" offset="34" sl="260" sc="43" el="260" ec="46" bec="0" bev="0" fileid="4" />
                <SequencePoint vc="1" uspid="36" ordinal="8" offset="38" sl="260" sc="25" el="260" ec="41" bec="2" bev="1" fileid="4" />
                <SequencePoint vc="0" uspid="35" ordinal="9" offset="50" sl="265" sc="9" el="265" ec="88" bec="0" bev="0" fileid="4" />
                <SequencePoint vc="1" uspid="34" ordinal="10" offset="130" sl="266" sc="5" el="266" ec="6" bec="0" bev="0" fileid="4" />
              </SequencePoints>
              <BranchPoints>
                <BranchPoint vc="1" uspid="0" ordinal="0" offset="25" sl="262" path="0" offsetend="27" fileid="4" />
                <BranchPoint vc="1" uspid="1" ordinal="1" offset="25" sl="262" path="1" offsetend="33" fileid="4" />
                <BranchPoint vc="0" uspid="2" ordinal="2" offset="48" sl="260" path="0" offsetend="50" fileid="4" />
                <BranchPoint vc="1" uspid="3" ordinal="3" offset="48" sl="260" path="1" offsetend="12" fileid="4" />
              </BranchPoints>
              <MethodPoint xsi:type="SequencePoint" vc="1" uspid="44" ordinal="0" offset="0" sl="258" sc="5" el="258" ec="6" bec="0" bev="0" fileid="4" />
            </Method>
            <Method visited="false" cyclomaticComplexity="2" nPathComplexity="0" sequenceCoverage="0" branchCoverage="0" isConstructor="false" isStatic="true" isGetter="false" isSetter="false" crapScore="6">
              <Summary numSequencePoints="1" visitedSequencePoints="0" numBranchPoints="1" visitedBranchPoints="0" sequenceCoverage="0" branchCoverage="0" maxCyclomaticComplexity="2" minCyclomaticComplexity="2" visitedClasses="0" numClasses="0" visitedMethods="0" numMethods="1" minCrapScore="6" maxCrapScore="6" />
              <MetadataToken>100663316</MetadataToken>
              <Name>System.String OpenDevelop.IntegrationTests.DebuggerIntegrationTests::Normalize(System.String)</Name>
              <FileRef uid="4" />
              <SequencePoints>
                <SequencePoint vc="0" uspid="45" ordinal="0" offset="0" sl="268" sc="46" el="268" ec="87" bec="0" bev="0" fileid="4" />
              </SequencePoints>
              <BranchPoints />
              <MethodPoint xsi:type="SequencePoint" vc="0" uspid="45" ordinal="0" offset="0" sl="268" sc="46" el="268" ec="87" bec="0" bev="0" fileid="4" />
            </Method>
            <Method visited="false" cyclomaticComplexity="1" nPathComplexity="0" sequenceCoverage="0" branchCoverage="0" isConstructor="false" isStatic="false" isGetter="false" isSetter="false" crapScore="2">
              <Summary numSequencePoints="0" visitedSequencePoints="0" numBranchPoints="0" visitedBranchPoints="0" sequenceCoverage="0" branchCoverage="0" maxCyclomaticComplexity="1" minCyclomaticComplexity="1" visitedClasses="0" numClasses="0" visitedMethods="0" numMethods="0" minCrapScore="2" maxCrapScore="2" />
              <MetadataToken>100663317</MetadataToken>
              <Name>System.Threading.Tasks.Task`1&lt;System.Text.Json.JsonElement&gt; OpenDevelop.IntegrationTests.DebuggerIntegrationTests::WaitForTopFrameLineAsync(System.Int32,System.Int32)</Name>
              <SequencePoints />
              <BranchPoints />
              <MethodPoint vc="0" uspid="100663317" ordinal="0" offset="0" />
            </Method>
            <Method visited="false" cyclomaticComplexity="1" nPathComplexity="0" sequenceCoverage="0" branchCoverage="0" isConstructor="false" isStatic="false" isGetter="false" isSetter="false" crapScore="2">
              <Summary numSequencePoints="0" visitedSequencePoints="0" numBranchPoints="0" visitedBranchPoints="0" sequenceCoverage="0" branchCoverage="0" maxCyclomaticComplexity="1" minCyclomaticComplexity="1" visitedClasses="0" numClasses="0" visitedMethods="0" numMethods="0" minCrapScore="2" maxCrapScore="2" />
              <MetadataToken>100663318</MetadataToken>
              <Name>System.Threading.Tasks.Task`1&lt;System.Text.Json.JsonElement&gt; OpenDevelop.IntegrationTests.DebuggerIntegrationTests::WaitForTopFrameNameAsync(System.String,System.Int32)</Name>
              <SequencePoints />
              <BranchPoints />
              <MethodPoint vc="0" uspid="100663318" ordinal="0" offset="0" />
            </Method>
          </Methods>
        </Class>
        <Class>
          <Summary numSequencePoints="13" visitedSequencePoints="0" numBranchPoints="23" visitedBranchPoints="0" sequenceCoverage="0" branchCoverage="0" maxCyclomaticComplexity="2" minCyclomaticComplexity="1" visitedClasses="0" numClasses="1" visitedMethods="0" numMethods="13" minCrapScore="2" maxCrapScore="6" />
          <FullName>OpenDevelop.IntegrationTests.DebuggerIntegrationTests/&lt;&gt;c</FullName>
          <Methods>
            <Method visited="false" cyclomaticComplexity="1" nPathComplexity="0" sequenceCoverage="0" branchCoverage="0" isConstructor="false" isStatic="false" isGetter="false" isSetter="false" crapScore="2">
              <Summary numSequencePoints="1" visitedSequencePoints="0" numBranchPoints="1" visitedBranchPoints="0" sequenceCoverage="0" branchCoverage="0" maxCyclomaticComplexity="1" minCyclomaticComplexity="1" visitedClasses="0" numClasses="0" visitedMethods="0" numMethods="1" minCrapScore="2" maxCrapScore="2" />
              <MetadataToken>100663387</MetadataToken>
              <Name>System.Boolean OpenDevelop.IntegrationTests.DebuggerIntegrationTests/&lt;&gt;c::&lt;DebuggerService_IsRegisteredByAddIn&gt;b__2_0(System.Text.Json.JsonElement)</Name>
              <FileRef uid="4" />
              <SequencePoints>
                <SequencePoint vc="0" uspid="46" ordinal="0" offset="0" sl="27" sc="53" el="27" ec="145" bec="0" bev="0" fileid="4" />
              </SequencePoints>
              <BranchPoints />
              <MethodPoint xsi:type="SequencePoint" vc="0" uspid="46" ordinal="0" offset="0" sl="27" sc="53" el="27" ec="145" bec="0" bev="0" fileid="4" />
            </Method>
            <Method visited="false" cyclomaticComplexity="1" nPathComplexity="0" sequenceCoverage="0" branchCoverage="0" isConstructor="false" isStatic="false" isGetter="false" isSetter="false" crapScore="2">
              <Summary numSequencePoints="1" visitedSequencePoints="0" numBranchPoints="1" visitedBranchPoints="0" sequenceCoverage="0" branchCoverage="0" maxCyclomaticComplexity="1" minCyclomaticComplexity="1" visitedClasses="0" numClasses="0" visitedMethods="0" numMethods="1" minCrapScore="2" maxCrapScore="2" />
              <MetadataToken>100663388</MetadataToken>
              <Name>System.Boolean OpenDevelop.IntegrationTests.DebuggerIntegrationTests/&lt;&gt;c::&lt;DebuggerService_IsRegisteredByAddIn&gt;b__2_1(System.Text.Json.JsonElement)</Name>
              <FileRef uid="4" />
              <SequencePoints>
                <SequencePoint vc="0" uspid="47" ordinal="0" offset="0" sl="28" sc="53" el="28" ec="143" bec="0" bev="0" fileid="4" />
              </SequencePoints>
              <BranchPoints />
              <MethodPoint xsi:type="SequencePoint" vc="0" uspid="47" ordinal="0" offset="0" sl="28" sc="53" el="28" ec="143" bec="0" bev="0" fileid="4" />
            </Method>
            <Method visited="false" cyclomaticComplexity="1" nPathComplexity="0" sequenceCoverage="0" branchCoverage="0" isConstructor="false" isStatic="false" isGetter="false" isSetter="false" crapScore="2">
              <Summary numSequencePoints="1" visitedSequencePoints="0" numBranchPoints="1" visitedBranchPoints="0" sequenceCoverage="0" branchCoverage="0" maxCyclomaticComplexity="1" minCyclomaticComplexity="1" visitedClasses="0" numClasses="0" visitedMethods="0" numMethods="1" minCrapScore="2" maxCrapScore="2" />
              <MetadataToken>100663389</MetadataToken>
              <Name>System.Boolean OpenDevelop.IntegrationTests.DebuggerIntegrationTests/&lt;&gt;c::&lt;DebuggerService_IsRegisteredByAddIn&gt;b__2_2(System.Text.Json.JsonElement)</Name>
              <FileRef uid="4" />
              <SequencePoints>
                <SequencePoint vc="0" uspid="48" ordinal="0" offset="0" sl="29" sc="53" el="29" ec="142" bec="0" bev="0" fileid="4" />
              </SequencePoints>
              <BranchPoints />
              <MethodPoint xsi:type="SequencePoint" vc="0" uspid="48" ordinal="0" offset="0" sl="29" sc="53" el="29" ec="142" bec="0" bev="0" fileid="4" />
            </Method>
            <Method visited="false" cyclomaticComplexity="1" nPathComplexity="0" sequenceCoverage="0" branchCoverage="0" isConstructor="false" isStatic="false" isGetter="false" isSetter="false" crapScore="2">
              <Summary numSequencePoints="1" visitedSequencePoints="0" numBranchPoints="1" visitedBranchPoints="0" sequenceCoverage="0" branchCoverage="0" maxCyclomaticComplexity="1" minCyclomaticComplexity="1" visitedClasses="0" numClasses="0" visitedMethods="0" numMethods="1" minCrapScore="2" maxCrapScore="2" />
              <MetadataToken>100663390</MetadataToken>
              <Name>System.Boolean OpenDevelop.IntegrationTests.DebuggerIntegrationTests/&lt;&gt;c::&lt;DebuggerService_IsRegisteredByAddIn&gt;b__2_3(System.Text.Json.JsonElement)</Name>
              <FileRef uid="4" />
              <SequencePoints>
                <SequencePoint vc="0" uspid="49" ordinal="0" offset="0" sl="30" sc="53" el="30" ec="141" bec="0" bev="0" fileid="4" />
              </SequencePoints>
              <BranchPoints />
              <MethodPoint xsi:type="SequencePoint" vc="0" uspid="49" ordinal="0" offset="0" sl="30" sc="53" el="30" ec="141" bec="0" bev="0" fileid="4" />
            </Method>
            <Method visited="false" cyclomaticComplexity="1" nPathComplexity="0" sequenceCoverage="0" branchCoverage="0" isConstructor="false" isStatic="false" isGetter="false" isSetter="false" crapScore="2">
              <Summary numSequencePoints="1" visitedSequencePoints="0" numBranchPoints="1" visitedBranchPoints="0" sequenceCoverage="0" branchCoverage="0" maxCyclomaticComplexity="1" minCyclomaticComplexity="1" visitedClasses="0" numClasses="0" visitedMethods="0" numMethods="1" minCrapScore="2" maxCrapScore="2" />
              <MetadataToken>100663391</MetadataToken>
              <Name>System.Boolean OpenDevelop.IntegrationTests.DebuggerIntegrationTests/&lt;&gt;c::&lt;DebuggerService_IsRegisteredByAddIn&gt;b__2_4(System.Text.Json.JsonElement)</Name>
              <FileRef uid="4" />
              <SequencePoints>
                <SequencePoint vc="0" uspid="50" ordinal="0" offset="0" sl="31" sc="53" el="31" ec="147" bec="0" bev="0" fileid="4" />
              </SequencePoints>
              <BranchPoints />
              <MethodPoint xsi:type="SequencePoint" vc="0" uspid="50" ordinal="0" offset="0" sl="31" sc="53" el="31" ec="147" bec="0" bev="0" fileid="4" />
            </Method>
            <Method visited="false" cyclomaticComplexity="1" nPathComplexity="0" sequenceCoverage="0" branchCoverage="0" isConstructor="false" isStatic="false" isGetter="false" isSetter="false" crapScore="2">
              <Summary numSequencePoints="1" visitedSequencePoints="0" numBranchPoints="1" visitedBranchPoints="0" sequenceCoverage="0" branchCoverage="0" maxCyclomaticComplexity="1" minCyclomaticComplexity="1" visitedClasses="0" numClasses="0" visitedMethods="0" numMethods="1" minCrapScore="2" maxCrapScore="2" />
              <MetadataToken>100663392</MetadataToken>
              <Name>System.Boolean OpenDevelop.IntegrationTests.DebuggerIntegrationTests/&lt;&gt;c::&lt;BreakpointHit_ExposesCallStackLocalsAndEvaluate&gt;b__3_1(System.Text.Json.JsonElement)</Name>
              <FileRef uid="4" />
              <SequencePoints>
                <SequencePoint vc="0" uspid="51" ordinal="0" offset="0" sl="55" sc="58" el="55" ec="109" bec="0" bev="0" fileid="4" />
              </SequencePoints>
              <BranchPoints />
              <MethodPoint xsi:type="SequencePoint" vc="0" uspid="51" ordinal="0" offset="0" sl="55" sc="58" el="55" ec="109" bec="0" bev="0" fileid="4" />
            </Method>
            <Method visited="false" cyclomaticComplexity="2" nPathComplexity="2" sequenceCoverage="0" branchCoverage="0" isConstructor="false" isStatic="false" isGetter="false" isSetter="false" crapScore="6">
              <Summary numSequencePoints="1" visitedSequencePoints="0" numBranchPoints="3" visitedBranchPoints="0" sequenceCoverage="0" branchCoverage="0" maxCyclomaticComplexity="2" minCyclomaticComplexity="2" visitedClasses="0" numClasses="0" visitedMethods="0" numMethods="1" minCrapScore="6" maxCrapScore="6" />
              <MetadataToken>100663393</MetadataToken>
              <Name>System.Boolean OpenDevelop.IntegrationTests.DebuggerIntegrationTests/&lt;&gt;c::&lt;BreakpointHit_ExposesCallStackLocalsAndEvaluate&gt;b__3_2(System.Text.Json.JsonElement)</Name>
              <FileRef uid="4" />
              <SequencePoints>
                <SequencePoint vc="0" uspid="52" ordinal="0" offset="0" sl="59" sc="17" el="60" ec="84" bec="2" bev="0" fileid="4" />
              </SequencePoints>
              <BranchPoints>
                <BranchPoint vc="0" uspid="4" ordinal="0" offset="30" sl="59" path="0" offsetchain="32" offsetend="65" fileid="4" />
[...]
          <FullName>OpenDevelop.IntegrationTests.UnitTestingTests/&lt;UnitTestingService_IsAvailable&gt;d__3</FullName>
          <Methods>
            <Method visited="false" cyclomaticComplexity="3" nPathComplexity="0" sequenceCoverage="0" branchCoverage="0" isConstructor="false" isStatic="false" isGetter="false" isSetter="false" crapScore="12">
              <Summary numSequencePoints="4" visitedSequencePoints="0" numBranchPoints="1" visitedBranchPoints="0" sequenceCoverage="0" branchCoverage="0" maxCyclomaticComplexity="3" minCyclomaticComplexity="3" visitedClasses="0" numClasses="0" visitedMethods="0" numMethods="1" minCrapScore="12" maxCrapScore="12" />
              <MetadataToken>100663521</MetadataToken>
              <Name>System.Void OpenDevelop.IntegrationTests.UnitTestingTests/&lt;UnitTestingService_IsAvailable&gt;d__3::MoveNext()</Name>
              <FileRef uid="10" />
              <SequencePoints>
                <SequencePoint vc="0" uspid="718" ordinal="0" offset="14" sl="35" sc="5" el="35" ec="6" bec="0" bev="0" fileid="10" />
                <SequencePoint vc="0" uspid="717" ordinal="1" offset="15" sl="36" sc="9" el="36" ec="68" bec="0" bev="0" fileid="10" />
                <SequencePoint vc="0" uspid="716" ordinal="2" offset="160" sl="38" sc="9" el="39" ec="76" bec="0" bev="0" fileid="10" />
                <SequencePoint vc="0" uspid="715" ordinal="3" offset="235" sl="40" sc="5" el="40" ec="6" bec="0" bev="0" fileid="10" />
              </SequencePoints>
              <BranchPoints />
              <MethodPoint xsi:type="SequencePoint" vc="0" uspid="718" ordinal="0" offset="14" sl="35" sc="5" el="35" ec="6" bec="0" bev="0" fileid="10" />
            </Method>
            <Method visited="false" cyclomaticComplexity="1" nPathComplexity="0" sequenceCoverage="0" branchCoverage="0" isConstructor="false" isStatic="false" isGetter="false" isSetter="false" crapScore="2">
              <Summary numSequencePoints="0" visitedSequencePoints="0" numBranchPoints="0" visitedBranchPoints="0" sequenceCoverage="0" branchCoverage="0" maxCyclomaticComplexity="1" minCyclomaticComplexity="1" visitedClasses="0" numClasses="0" visitedMethods="0" numMethods="0" minCrapScore="2" maxCrapScore="2" />
              <MetadataToken>100663522</MetadataToken>
              <Name>System.Void OpenDevelop.IntegrationTests.UnitTestingTests/&lt;UnitTestingService_IsAvailable&gt;d__3::SetStateMachine(System.Runtime.CompilerServices.IAsyncStateMachine)</Name>
              <SequencePoints />
              <BranchPoints />
              <MethodPoint vc="0" uspid="100663522" ordinal="0" offset="0" />
            </Method>
          </Methods>
        </Class>
        <Class>
          <Summary numSequencePoints="27" visitedSequencePoints="0" numBranchPoints="7" visitedBranchPoints="0" sequenceCoverage="0" branchCoverage="0" maxCyclomaticComplexity="12" minCyclomaticComplexity="1" visitedClasses="0" numClasses="1" visitedMethods="0" numMethods="1" minCrapScore="156" maxCrapScore="156" />
          <FullName>OpenDevelop.IntegrationTests.UnitTestingTests/&lt;UnitTestingTree_ShowsTestsAfterOpeningTestProject&gt;d__4</FullName>
          <Methods>
            <Method visited="false" cyclomaticComplexity="12" nPathComplexity="8" sequenceCoverage="0" branchCoverage="0" isConstructor="false" isStatic="false" isGetter="false" isSetter="false" crapScore="156">
              <Summary numSequencePoints="27" visitedSequencePoints="0" numBranchPoints="7" visitedBranchPoints="0" sequenceCoverage="0" branchCoverage="0" maxCyclomaticComplexity="12" minCyclomaticComplexity="12" visitedClasses="0" numClasses="0" visitedMethods="0" numMethods="1" minCrapScore="156" maxCrapScore="156" />
              <MetadataToken>100663524</MetadataToken>
              <Name>System.Void OpenDevelop.IntegrationTests.UnitTestingTests/&lt;UnitTestingTree_ShowsTestsAfterOpeningTestProject&gt;d__4::MoveNext()</Name>
              <FileRef uid="10" />
              <SequencePoints>
                <SequencePoint vc="0" uspid="745" ordinal="0" offset="39" sl="44" sc="5" el="44" ec="6" bec="0" bev="0" fileid="10" />
                <SequencePoint vc="0" uspid="744" ordinal="1" offset="40" sl="45" sc="9" el="45" ec="78" bec="0" bev="0" fileid="10" />
                <SequencePoint vc="0" uspid="743" ordinal="2" offset="176" sl="47" sc="9" el="47" ec="36" bec="0" bev="0" fileid="10" />
                <SequencePoint vc="0" uspid="742" ordinal="3" offset="188" sl="48" sc="9" el="48" ec="33" bec="0" bev="0" fileid="10" />
                <SequencePoint vc="0" uspid="741" ordinal="4" offset="195" sl="49" sc="9" el="49" ec="55" bec="0" bev="0" fileid="10" />
                <SequencePoint vc="0" uspid="740" ordinal="5" offset="228" sl="51" sc="9" el="51" ec="10" bec="0" bev="0" fileid="10" />
                <SequencePoint vc="0" uspid="739" ordinal="6" offset="229" sl="52" sc="13" el="52" ec="64" bec="0" bev="0" fileid="10" />
                <SequencePoint vc="0" uspid="738" ordinal="7" offset="377" sl="53" sc="13" el="53" ec="69" bec="0" bev="0" fileid="10" />
                <SequencePoint vc="0" uspid="737" ordinal="8" offset="408" sl="54" sc="13" el="54" ec="51" bec="0" bev="0" fileid="10" />
                <SequencePoint vc="0" uspid="736" ordinal="9" offset="430" sl="55" sc="13" el="55" ec="44" bec="2" bev="0" fileid="10" />
                <SequencePoint vc="0" uspid="735" ordinal="10" offset="450" sl="56" sc="13" el="56" ec="14" bec="0" bev="0" fileid="10" />
                <SequencePoint vc="0" uspid="734" ordinal="11" offset="451" sl="57" sc="17" el="58" ec="67" bec="0" bev="0" fileid="10" />
                <SequencePoint vc="0" uspid="733" ordinal="12" offset="524" sl="59" sc="17" el="59" ec="32" bec="2" bev="0" fileid="10" />
                <SequencePoint vc="0" uspid="732" ordinal="13" offset="536" sl="59" sc="33" el="59" ec="39" bec="0" bev="0" fileid="10" />
                <SequencePoint vc="0" uspid="731" ordinal="14" offset="541" sl="60" sc="13" el="60" ec="14" bec="0" bev="0" fileid="10" />
                <SequencePoint vc="0" uspid="730" ordinal="15" offset="542" sl="61" sc="13" el="61" ec="36" bec="0" bev="0" fileid="10" />
                <SequencePoint vc="0" uspid="729" ordinal="16" offset="645" sl="62" sc="9" el="62" ec="10" bec="0" bev="0" fileid="10" />
                <SequencePoint vc="0" uspid="728" ordinal="17" offset="658" sl="50" sc="9" el="50" ec="43" bec="2" bev="0" fileid="10" />
                <SequencePoint vc="0" uspid="727" ordinal="18" offset="683" sl="64" sc="9" el="64" ec="88" bec="0" bev="0" fileid="10" />
                <SequencePoint vc="0" uspid="726" ordinal="19" offset="700" sl="66" sc="9" el="66" ec="49" bec="0" bev="0" fileid="10" />
                <SequencePoint vc="0" uspid="725" ordinal="20" offset="732" sl="67" sc="9" el="67" ec="53" bec="0" bev="0" fileid="10" />
                <SequencePoint vc="0" uspid="724" ordinal="21" offset="754" sl="68" sc="9" el="68" ec="53" bec="0" bev="0" fileid="10" />
                <SequencePoint vc="0" uspid="723" ordinal="22" offset="776" sl="69" sc="9" el="69" ec="53" bec="0" bev="0" fileid="10" />
                <SequencePoint vc="0" uspid="722" ordinal="23" offset="798" sl="70" sc="9" el="70" ec="56" bec="0" bev="0" fileid="10" />
                <SequencePoint vc="0" uspid="721" ordinal="24" offset="820" sl="71" sc="9" el="71" ec="55" bec="0" bev="0" fileid="10" />
                <SequencePoint vc="0" uspid="720" ordinal="25" offset="842" sl="72" sc="9" el="72" ec="57" bec="0" bev="0" fileid="10" />
                <SequencePoint vc="0" uspid="719" ordinal="26" offset="916" sl="73" sc="5" el="73" ec="6" bec="0" bev="0" fileid="10" />
              </SequencePoints>
              <BranchPoints>
                <BranchPoint vc="0" uspid="102" ordinal="0" offset="448" sl="55" path="0" offsetend="450" fileid="10" />
                <BranchPoint vc="0" uspid="103" ordinal="1" offset="448" sl="55" path="1" offsetend="542" fileid="10" />
                <BranchPoint vc="0" uspid="104" ordinal="2" offset="534" sl="59" path="0" offsetchain="536" offsetend="683" fileid="10" />
                <BranchPoint vc="0" uspid="105" ordinal="3" offset="534" sl="59" path="1" offsetend="541" fileid="10" />
                <BranchPoint vc="0" uspid="106" ordinal="4" offset="678" sl="50" path="0" offsetend="683" fileid="10" />
                <BranchPoint vc="0" uspid="107" ordinal="5" offset="678" sl="50" path="1" offsetend="228" fileid="10" />
              </BranchPoints>
              <MethodPoint xsi:type="SequencePoint" vc="0" uspid="745" ordinal="0" offset="39" sl="44" sc="5" el="44" ec="6" bec="0" bev="0" fileid="10" />
            </Method>
            <Method visited="false" cyclomaticComplexity="1" nPathComplexity="0" sequenceCoverage="0" branchCoverage="0" isConstructor="false" isStatic="false" isGetter="false" isSetter="false" crapScore="2">
              <Summary numSequencePoints="0" visitedSequencePoints="0" numBranchPoints="0" visitedBranchPoints="0" sequenceCoverage="0" branchCoverage="0" maxCyclomaticComplexity="1" minCyclomaticComplexity="1" visitedClasses="0" numClasses="0" visitedMethods="0" numMethods="0" minCrapScore="2" maxCrapScore="2" />
              <MetadataToken>100663525</MetadataToken>
              <Name>System.Void OpenDevelop.IntegrationTests.UnitTestingTests/&lt;UnitTestingTree_ShowsTestsAfterOpeningTestProject&gt;d__4::SetStateMachine(System.Runtime.CompilerServices.IAsyncStateMachine)</Name>
              <SequencePoints />
              <BranchPoints />
              <MethodPoint vc="0" uspid="100663525" ordinal="0" offset="0" />
            </Method>
          </Methods>
        </Class>
        <Class>
          <Summary numSequencePoints="4" visitedSequencePoints="0" numBranchPoints="1" visitedBranchPoints="0" sequenceCoverage="0" branchCoverage="0" maxCyclomaticComplexity="1" minCyclomaticComplexity="1" visitedClasses="0" numClasses="1" visitedMethods="0" numMethods="1" minCrapScore="2" maxCrapScore="2" />
          <FullName>OpenDevelop.IntegrationTests.SelfRegisteredExtensions</FullName>
          <Methods>
            <Method visited="false" cyclomaticComplexity="1" nPathComplexity="0" sequenceCoverage="0" branchCoverage="0" isConstructor="false" isStatic="true" isGetter="false" isSetter="false" crapScore="2">
              <Summary numSequencePoints="4" visitedSequencePoints="0" numBranchPoints="1" visitedBranchPoints="0" sequenceCoverage="0" branchCoverage="0" maxCyclomaticComplexity="1" minCyclomaticComplexity="1" visitedClasses="0" numClasses="0" visitedMethods="0" numMethods="1" minCrapScore="2" maxCrapScore="2" />
              <MetadataToken>100663371</MetadataToken>
              <Name>System.Void OpenDevelop.IntegrationTests.SelfRegisteredExtensions::AddSelfRegisteredExtensions(Microsoft.Testing.Platform.Builder.ITestApplicationBuilder,System.String[])</Name>
              <FileRef uid="11" />
              <SequencePoints>
                <SequencePoint vc="0" uspid="749" ordinal="0" offset="0" sl="13" sc="9" el="13" ec="10" bec="0" bev="0" fileid="11" />
                <SequencePoint vc="0" uspid="748" ordinal="1" offset="1" sl="14" sc="13" el="14" ec="112" bec="0" bev="0" fileid="11" />
                <SequencePoint vc="0" uspid="747" ordinal="2" offset="9" sl="15" sc="9" el="15" ec="112" bec="0" bev="0" fileid="11" />
                <SequencePoint vc="0" uspid="746" ordinal="3" offset="17" sl="16" sc="9" el="16" ec="10" bec="0" bev="0" fileid="11" />
              </SequencePoints>
              <BranchPoints />
              <MethodPoint xsi:type="SequencePoint" vc="0" uspid="749" ordinal="0" offset="0" sl="13" sc="9" el="13" ec="10" bec="0" bev="0" fileid="11" />
            </Method>
          </Methods>
        </Class>
        <Class>
          <Summary numSequencePoints="5" visitedSequencePoints="4" numBranchPoints="5" visitedBranchPoints="2" sequenceCoverage="80" branchCoverage="40" maxCyclomaticComplexity="4" minCyclomaticComplexity="1" visitedClasses="1" numClasses="1" visitedMethods="1" numMethods="1" minCrapScore="4.13" maxCrapScore="4.13" />
          <FullName>OpenDevelop.IntegrationTests.AutoGenerated.XunitAutoGeneratedEntryPoint</FullName>
          <Methods>
            <Method visited="true" cyclomaticComplexity="4" nPathComplexity="4" sequenceCoverage="80" branchCoverage="40" isConstructor="false" isStatic="true" isGetter="false" isSetter="false" crapScore="4.13">
              <Summary numSequencePoints="5" visitedSequencePoints="4" numBranchPoints="5" visitedBranchPoints="2" sequenceCoverage="80" branchCoverage="40" maxCyclomaticComplexity="4" minCyclomaticComplexity="4" visitedClasses="0" numClasses="0" visitedMethods="1" numMethods="1" minCrapScore="4.13" maxCrapScore="4.13" />
              <MetadataToken>100663372</MetadataToken>
              <Name>System.Int32 OpenDevelop.IntegrationTests.AutoGenerated.XunitAutoGeneratedEntryPoint::Main(System.String[])</Name>
              <FileRef uid="12" />
              <SequencePoints>
                <SequencePoint vc="1" uspid="754" ordinal="0" offset="0" sl="9" sc="3" el="9" ec="4" bec="0" bev="0" fileid="12" />
                <SequencePoint vc="1" uspid="753" ordinal="1" offset="1" sl="10" sc="4" el="10" ec="111" bec="2" bev="1" fileid="12" />
                <SequencePoint vc="0" uspid="752" ordinal="2" offset="42" sl="11" sc="5" el="11" ec="171" bec="2" bev="0" fileid="12" />
                <SequencePoint vc="1" uspid="751" ordinal="3" offset="91" sl="13" sc="5" el="13" ec="103" bec="0" bev="0" fileid="12" />
                <SequencePoint vc="1" uspid="750" ordinal="4" offset="113" sl="14" sc="3" el="14" ec="4" bec="0" bev="0" fileid="12" />
              </SequencePoints>
              <BranchPoints>
                <BranchPoint vc="0" uspid="108" ordinal="0" offset="40" sl="10" path="0" offsetend="42" fileid="12" />
                <BranchPoint vc="1" uspid="109" ordinal="1" offset="40" sl="10" path="1" offsetend="91" fileid="12" />
                <BranchPoint vc="0" uspid="110" ordinal="2" offset="49" sl="11" path="0" offsetchain="51" offsetend="113" fileid="12" />
                <BranchPoint vc="0" uspid="111" ordinal="3" offset="49" sl="11" path="1" offsetchain="70" offsetend="113" fileid="12" />
              </BranchPoints>
              <MethodPoint xsi:type="SequencePoint" vc="1" uspid="754" ordinal="0" offset="0" sl="9" sc="3" el="9" ec="4" bec="0" bev="0" fileid="12" />
            </Method>
            <Method visited="false" cyclomaticComplexity="1" nPathComplexity="0" sequenceCoverage="0" branchCoverage="0" isConstructor="true" isStatic="false" isGetter="false" isSetter="false" crapScore="2">
              <Summary numSequencePoints="0" visitedSequencePoints="0" numBranchPoints="0" visitedBranchPoints="0" sequenceCoverage="0" branchCoverage="0" maxCyclomaticComplexity="1" minCyclomaticComplexity="1" visitedClasses="0" numClasses="0" visitedMethods="0" numMethods="0" minCrapScore="2" maxCrapScore="2" />
              <MetadataToken>100663373</MetadataToken>
              <Name>System.Void OpenDevelop.IntegrationTests.AutoGenerated.XunitAutoGeneratedEntryPoint::.ctor()</Name>
              <SequencePoints />
              <BranchPoints />
              <MethodPoint vc="0" uspid="100663373" ordinal="0" offset="0" />
            </Method>
          </Methods>
        </Class>
        <Class>
          <Summary numSequencePoints="1" visitedSequencePoints="1" numBranchPoints="3" visitedBranchPoints="2" sequenceCoverage="100" branchCoverage="66.67" maxCyclomaticComplexity="2" minCyclomaticComplexity="1" visitedClasses="1" numClasses="1" visitedMethods="1" numMethods="1" minCrapScore="2" maxCrapScore="2" />
          <FullName>OpenDevelop.IntegrationTests.AutoGenerated.XunitAutoGeneratedEntryPoint/&lt;&gt;c</FullName>
          <Methods>
            <Method visited="true" cyclomaticComplexity="2" nPathComplexity="2" sequenceCoverage="100" branchCoverage="66.67" isConstructor="false" isStatic="false" isGetter="false" isSetter="false" crapScore="2">
              <Summary numSequencePoints="1" visitedSequencePoints="1" numBranchPoints="3" visitedBranchPoints="2" sequenceCoverage="100" branchCoverage="66.67" maxCyclomaticComplexity="2" minCyclomaticComplexity="2" visitedClasses="0" numClasses="0" visitedMethods="1" numMethods="1" minCrapScore="2" maxCrapScore="2" />
              <MetadataToken>100663528</MetadataToken>
              <Name>System.Boolean OpenDevelop.IntegrationTests.AutoGenerated.XunitAutoGeneratedEntryPoint/&lt;&gt;c::&lt;Main&gt;b__0_0(System.String)</Name>
              <FileRef uid="12" />
              <SequencePoints>
                <SequencePoint vc="1" uspid="755" ordinal="0" offset="0" sl="10" sc="56" el="10" ec="109" bec="2" bev="1" fileid="12" />
              </SequencePoints>
              <BranchPoints>
                <BranchPoint vc="1" uspid="112" ordinal="0" offset="11" sl="10" path="0" offsetchain="13" offsetend="27" fileid="12" />
                <BranchPoint vc="0" uspid="113" ordinal="1" offset="11" sl="10" path="1" offsetend="26" fileid="12" />
              </BranchPoints>
              <MethodPoint xsi:type="SequencePoint" vc="1" uspid="755" ordinal="0" offset="0" sl="10" sc="56" el="10" ec="109" bec="2" bev="0" fileid="12" />
            </Method>
          </Methods>
        </Class>
        <Class>
          <Summary numSequencePoints="0" visitedSequencePoints="0" numBranchPoints="0" visitedBranchPoints="0" sequenceCoverage="0" branchCoverage="0" maxCyclomaticComplexity="0" minCyclomaticComplexity="0" visitedClasses="0" numClasses="0" visitedMethods="0" numMethods="0" minCrapScore="0" maxCrapScore="0" />
          <FullName>&lt;PrivateImplementationDetails&gt;</FullName>
          <Methods>
            <Method visited="true" cyclomaticComplexity="1" nPathComplexity="0" sequenceCoverage="0" branchCoverage="0" isConstructor="false" isStatic="true" isGetter="false" isSetter="false" crapScore="1">
              <Summary numSequencePoints="0" visitedSequencePoints="0" numBranchPoints="0" visitedBranchPoints="0" sequenceCoverage="0" branchCoverage="0" maxCyclomaticComplexity="1" minCyclomaticComplexity="1" visitedClasses="0" numClasses="0" visitedMethods="0" numMethods="0" minCrapScore="1" maxCrapScore="1" />
              <MetadataToken>100663374</MetadataToken>
              <Name>System.ReadOnlySpan`1&lt;TElement&gt; &lt;PrivateImplementationDetails&gt;::InlineArrayAsReadOnlySpan(TBuffer&amp;,System.Int32)</Name>
              <SequencePoints />
              <BranchPoints />
              <MethodPoint vc="1" uspid="100663374" ordinal="0" offset="0" />
            </Method>
            <Method visited="true" cyclomaticComplexity="1" nPathComplexity="0" sequenceCoverage="0" branchCoverage="0" isConstructor="false" isStatic="true" isGetter="false" isSetter="false" crapScore="1">
              <Summary numSequencePoints="0" visitedSequencePoints="0" numBranchPoints="0" visitedBranchPoints="0" sequenceCoverage="0" branchCoverage="0" maxCyclomaticComplexity="1" minCyclomaticComplexity="1" visitedClasses="0" numClasses="0" visitedMethods="0" numMethods="0" minCrapScore="1" maxCrapScore="1" />
              <MetadataToken>100663375</MetadataToken>
              <Name>TElement&amp; &lt;PrivateImplementationDetails&gt;::InlineArrayElementRef(TBuffer&amp;,System.Int32)</Name>
              <SequencePoints />
              <BranchPoints />
              <MethodPoint vc="1" uspid="100663375" ordinal="0" offset="0" />
            </Method>
          </Methods>
        </Class>
      </Classes>
    </Module>
  </Modules>
</CoverageSession>